# lamda x_0 sp_0 s0_0 is_backtrace
0 6.729647667242242e-01 0 0 0
4.807136852025668e-02 6.592098836319759e-01 6.594320937460756e-01 6.592098836319759e-01 0
9.600603402818619e-02 6.449855697546120e-01 6.452270547582103e-01 6.449855697546120e-01 0
1.437860607500590e-01 6.302497343758899e-01 6.305132634614447e-01 6.302497343758899e-01 0
1.913899821696574e-01 6.149540357364898e-01 6.152429441809871e-01 6.149540357364898e-01 0
2.387918538505152e-01 5.990425676108101e-01 5.993609052657339e-01 5.990425676108101e-01 0
2.859599786846687e-01 5.824501870899315e-01 5.828029176754330e-01 5.824501870899315e-01 0
3.328551637617884e-01 5.651003635807855e-01 5.654936321601670e-01 5.651003635807855e-01 0
3.794282948779804e-01 5.469023827400316e-01 5.473438783759196e-01 5.469023827400316e-01 0
4.256168965881703e-01 5.277476740315757e-01 5.282471259469186e-01 5.277476740315757e-01 0
4.713401508517228e-01 5.075049409712584e-01 5.080748016887299e-01 5.075049409712584e-01 0
5.164915188188350e-01 4.860136556687271e-01 4.866700423411900e-01 4.860136556687271e-01 0
5.609275454035777e-01 4.630753448409990e-01 4.638393223899286e-01 4.630753448409990e-01 0
6.044504408407479e-01 4.384420042912163e-01 4.393412712700260e-01 4.384420042912163e-01 0
6.467803128824346e-01 4.118011548673672e-01 4.128720375451247e-01 4.118011548673672e-01 0
6.875100159498430e-01 3.827582043032377e-01 3.840472745653428e-01 3.827582043032377e-01 0
7.260312714523053e-01 3.508210260696289e-01 3.523837499283758e-01 3.508210260696289e-01 0
7.614173048125616e-01 3.154048227711568e-01 3.172931089081782e-01 3.154048227711568e-01 0
7.922594197362217e-01 2.759100977011482e-01 2.781274268905229e-01 2.759100977011482e-01 0
8.165375766433807e-01 2.319901217027550e-01 2.343781325111500e-01 2.319901217027550e-01 0
8.318492570278355e-01 1.841099029589359e-01 1.861939648766495e-01 1.841099029589359e-01 0
8.364571072629835e-01 1.340153364943208e-01 1.351274019132869e-01 1.340153364943208e-01 0
8.305505330799687e-01 8.410918700318516e-02 8.402267186697138e-02 8.410918700318516e-02 1
8.160221361628821e-01 3.609357252848978e-02 3.523466203414562e-02 3.609357252848978e-02 1
7.951454523368197e-01 -9.444051925299637e-03 -1.055426322719535e-02 -9.444051925299637e-03 1
7.697745864517692e-01 -5.259003762775493e-02 -5.366046569715300e-02 -5.259003762775493e-02 1
7.412311517500090e-01 -9.367747834261343e-02 -9.460172048161114e-02 -9.367747834261343e-02 1
7.104277402090607e-01 -1.330826326306738e-01 -1.338399083323339e-01 -1.330826326306738e-01 1
6.780023569492392e-01 -1.711547987885504e-01 -1.717545745225471e-01 -1.711547987885504e-01 1
6.444156395251456e-01 -2.082009074689996e-01 -2.086599217054858e-01 -2.082009074689996e-01 1
6.100147359109154e-01 -2.444889016110672e-01 -2.448229174603237e-01 -2.444889016110672e-01 1
5.750749142550422e-01 -2.802563512949662e-01 -2.804776221266397e-01 -2.802563512949662e-01 1
5.398275918013605e-01 -3.157197671654625e-01 -3.158365001505962e-01 -3.157197671654625e-01 1
5.044805425106692e-01 -3.510834016593439e-01 -3.510997940897153e-01 -3.510834016593439e-01 1
4.692340943369218e-01 -3.865474947799662e-01 -3.864638592040703e-01 -3.865474947799662e-01 1
4.342960986479629e-01 -4.223163035039841e-01 -4.221288108843663e-01 -4.223163035039841e-01 1
3.998981430128392e-01 -4.586063376103403e-01 -4.583070178631393e-01 -4.586063376103403e-01 1
3.663157919324070e-01 -4.956551353391233e-01 -4.952312412183915e-01 -4.956551353391233e-01 1
3.338966754749049e-01 -5.337305148200439e-01 -5.331641521994409e-01 -5.337305148200439e-01 1
3.031021912597853e-01 -5.731390456967832e-01 -5.724074669601824e-01 -5.731390456967832e-01 1
2.745714882750696e-01 -6.142291090855794e-01 -6.133076932028596e-01 -6.142291090855794e-01 1
2.492186551998901e-01 -6.573748519126209e-01 -6.562481693828043e-01 -6.573748519126209e-01 1
2.283663886894083e-01 -7.029052529284929e-01 -7.015993509044089e-01 -7.029052529284929e-01 1
2.138667490582579e-01 -7.509018377044174e-01 -7.495605892435238e-01 -7.509018377044174e-01 1
2.079856502197587e-01 -8.007816827436636e-01 -7.997810843536375e-01 -8.007816827436636e-01 1
2.126135328685955e-01 -8.508660279944124e-01 -8.507746985242313e-01 -8.508660279944124e-01 1
2.279520968372516e-01 -8.987599517145340e-01 -8.998446951234160e-01 -8.987599517145340e-01 0
2.522638486244452e-01 -9.426943028245596e-01 -9.445478621674839e-01 -9.426943028245596e-01 0
2.831354169664370e-01 -9.821925739968281e-01 -9.842143407957995e-01 -9.821925739968281e-01 0
3.185428440320042e-01 -1.017604865757570e+00 -1.019456959617073e+00 -1.017604865757570e+00 0
3.570787601763667e-01 -1.049535224952405e+00 -1.051120676245488e+00 -1.049535224952405e+00 0
3.978185303480258e-01 -1.078570832371355e+00 -1.079899167183601e+00 -1.078570832371355e+00 0
4.401554873923517e-01 -1.105204752174572e+00 -1.106315795382871e+00 -1.105204752174572e+00 0
4.836835240634939e-01 -1.129831859445627e+00 -1.130767177187997e+00 -1.129831859445627e+00 0
5.281233951266362e-01 -1.152764659166622e+00 -1.153559520621730e+00 -1.152764659166622e+00 0
5.732777171106591e-01 -1.174251092575928e+00 -1.174933494357348e+00 -1.174251092575928e+00 0
6.190032959056286e-01 -1.194489547502673e+00 -1.195081233571525e+00 -1.194489547502673e+00 0
6.651937649308697e-01 -1.213640468358806e+00 -1.214158265667129e+00 -1.213640468358806e+00 0
7.117684230443525e-01 -1.231835077965565e+00 -1.232292067076127e+00 -1.231835077965565e+00 0
7.586648762307839e-01 -1.249181884453400e+00 -1.249588316807119e+00 -1.249181884453400e+00 0
8.058340683925418e-01 -1.265771550174602e+00 -1.266135537922740e+00 -1.265771550174602e+00 0
8.532368489992210e-01 -1.281680562648650e+00 -1.282008590197235e+00 -1.281680562648650e+00 0
9.008415524683890e-01 -1.296974029096660e+00 -1.297271331747123e+00 -1.296974029096660e+00 0
9.486222582347278e-01 -1.311707826086538e+00 -1.311978671471309e+00 -1.311707826086538e+00 0
9.965575181484368e-01 -1.325930270618547e+00 -1.326178169390727e+00 -1.325930270618547e+00 0
1.000000000000000e+00 -1.326931547169248e+00 -1.339911297557028e+00 -1.326931547169248e+00 0
