
------- iter 1 -------
x[0]=1.000000000000000e+00 f[0]=-1.000000000000000e+00
x[1]=1.000000000000000e+00 f[1]=-1.000000000000000e+00
x[2]=1.000000000000000e+00 f[2]=1.000000000000000e+00
iter=1 norm=9.999990000010001e+02 f[0]=-1.000000000000000e+00 f_old[0]=0.000000000000000e+00 residue non-converged, df=-1.000000000000000e+00, tol=1.000001000000000e-03
J = 
-2.0000000000e+00 0.0000000000e+00 -2.0000000000e+00 
0.0000000000e+00 -2.0000000000e+00 -2.0000000000e+00 
2.0000000000e+00 2.0000000000e+00 0.0000000000e+00 
|J|_max = 4.000000000000000e+00
J^-1 = 
-2.5000000000e-01 2.5000000000e-01 2.5000000000e-01 
2.5000000000e-01 -2.5000000000e-01 2.5000000000e-01 
-2.5000000000e-01 -2.5000000000e-01 -2.5000000000e-01 
|J^-1|_max = 7.500000000000000e-01
x[0] new=7.500000000000000e-01 old=1.000000000000000e+00 dx=-2.500000000000000e-01 f=-1.000000000000000e+00
x[1] new=7.500000000000000e-01 old=1.000000000000000e+00 dx=-2.500000000000000e-01 f=-1.000000000000000e+00
x[2] new=7.500000000000000e-01 old=1.000000000000000e+00 dx=-2.500000000000000e-01 f=1.000000000000000e+00
[norm] |X|_max=2.500000000000000e-01 <= |F|_max=1.000000000000000e+00 * |J^-1|_norm=7.500000000000000e-01 = 7.500000000000000e-01 --> 1
iter=1 norm=2.497502497502498e+02 x[0]=1.000000000000000e+00 x_new[0]=7.500000000000000e-01 delta non-converged, dx=-2.500000000000000e-01, tol=1.000001000000000e-03
[converge info] iter=1   dx_norm=2.497502497502498e+02 (id=0  ), f_norm=9.999990000010001e+02 (id=0  )
iter=1 nr_converge=0 delta_converge=0 f_converge=0

------- iter 2 -------
x[0]=7.500000000000000e-01 f[0]=-1.250000000000000e-01
x[1]=7.500000000000000e-01 f[1]=-1.250000000000000e-01
x[2]=7.500000000000000e-01 f[2]=1.250000000000000e-01
iter=2 norm=9.999920000639995e+02 f[0]=-1.250000000000000e-01 f_old[0]=-1.000000000000000e+00 residue non-converged, df=8.750000000000000e-01, tol=1.250010000000000e-04
J = 
-2.0000000000e+00 0.0000000000e+00 -2.0000000000e+00 
-0.0000000000e+00 -2.0000000000e+00 -2.0000000000e+00 
-1.0000000000e+00 -1.0000000000e+00 -4.0000000000e+00 
|J|_max = 6.000000000000000e+00
J^-1 = 
-7.5000000000e-01 -2.5000000000e-01 5.0000000000e-01 
-2.5000000000e-01 -7.5000000000e-01 5.0000000000e-01 
2.5000000000e-01 2.5000000000e-01 -5.0000000000e-01 
|J^-1|_max = 1.500000000000000e+00
x[0] new=7.187500000000000e-01 old=7.500000000000000e-01 dx=-3.125000000000000e-02 f=-1.250000000000000e-01
x[1] new=7.187500000000000e-01 old=7.500000000000000e-01 dx=-3.125000000000000e-02 f=-1.250000000000000e-01
x[2] new=7.187500000000000e-01 old=7.500000000000000e-01 dx=-3.125000000000000e-02 f=1.250000000000000e-01
[norm] |X|_max=3.125000000000000e-02 <= |F|_max=1.250000000000000e-01 * |J^-1|_norm=1.500000000000000e+00 = 1.875000000000000e-01 --> 1
iter=2 norm=4.161118508655126e+01 x[0]=7.500000000000000e-01 x_new[0]=7.187500000000000e-01 delta non-converged, dx=-3.125000000000000e-02, tol=7.500010000000000e-04
[converge info] iter=2   dx_norm=4.161118508655126e+01 (id=0  ), f_norm=9.999920000639995e+02 (id=0  )
iter=2 nr_converge=0 delta_converge=0 f_converge=0
linear converge rate_dx and fixed-point distance of chord newton:
rate_dx0 = 1.250000000000000e-01, rate_dx_avg = 0.000000000000000e+00, dist_estimate= 4.464285714285714e-03, dist_estimate_avg = 0.000000000000000e+00, dist_exact = 1.164321881345243e-02
rate_dx1 = 1.250000000000000e-01, rate_dx_avg = 0.000000000000000e+00, dist_estimate= 4.464285714285714e-03, dist_estimate_avg = 0.000000000000000e+00, dist_exact = 1.164321881345243e-02
rate_dx2 = 1.250000000000000e-01, rate_dx_avg = 0.000000000000000e+00, dist_estimate= 4.464285714285714e-03, dist_estimate_avg = 0.000000000000000e+00, dist_exact = 1.164321881345243e-02
rate_f0 = 1.250000000000000e-01
rate_f1 = 1.250000000000000e-01
rate_f2 = 1.250000000000000e-01
[converge predict iterative]   need 2 iter for delta norm converge to 6.501747669773634e-01
[converge predict approximate] need 2 iter for delta norm converge to 6.501747669773638e-01
[converge predict iterative]   need 9 iter for f norm converge to 9.304560199194407e-01
[converge predict approximate] need 4 iter for f norm converge to 2.441386718906250e-01

------- iter 3 -------
x[0]=7.187500000000000e-01 f[0]=-3.320312500000000e-02
x[1]=7.187500000000000e-01 f[1]=-3.320312500000000e-02
x[2]=7.187500000000000e-01 f[2]=3.320312500000000e-02
iter=3 norm=9.999698832599864e+02 f[0]=-3.320312500000000e-02 f_old[0]=-1.250000000000000e-01 residue non-converged, df=9.179687500000000e-02, tol=3.320412500000000e-05
J = 
-2.0000000000e+00 0.0000000000e+00 -2.0000000000e+00 
-0.0000000000e+00 -2.0000000000e+00 -2.0000000000e+00 
-1.0000000000e+00 -1.0000000000e+00 -4.0000000000e+00 
|J|_max = 6.000000000000000e+00
J^-1 = 
-7.5000000000e-01 -2.5000000000e-01 5.0000000000e-01 
-2.5000000000e-01 -7.5000000000e-01 5.0000000000e-01 
2.5000000000e-01 2.5000000000e-01 -5.0000000000e-01 
|J^-1|_max = 1.500000000000000e+00
x[0] new=7.104492187500000e-01 old=7.187500000000000e-01 dx=-8.300781250000000e-03 f=-3.320312500000000e-02
x[1] new=7.104492187500000e-01 old=7.187500000000000e-01 dx=-8.300781250000000e-03 f=-3.320312500000000e-02
x[2] new=7.104492187500000e-01 old=7.187500000000000e-01 dx=-8.300781250000000e-03 f=3.320312500000000e-02
[norm] |X|_max=8.300781250000000e-03 <= |F|_max=3.320312500000000e-02 * |J^-1|_norm=1.500000000000000e+00 = 4.980468750000000e-02 --> 1
iter=3 norm=1.153286731503994e+01 x[0]=7.187500000000000e-01 x_new[0]=7.104492187500000e-01 delta non-converged, dx=-8.300781250000000e-03, tol=7.187510000000000e-04
[converge info] iter=3   dx_norm=1.153286731503994e+01 (id=0  ), f_norm=9.999698832599864e+02 (id=0  )
iter=3 nr_converge=0 delta_converge=0 f_converge=0
converge order of each variable:
x0 = 6.375123862498869e-01 (dx=-8.300781250000000e-03 dx_old0=-3.125000000000000e-02 dx_old1=-2.500000000000000e-01
x1 = 6.375123862498869e-01 (dx=-8.300781250000000e-03 dx_old0=-3.125000000000000e-02 dx_old1=-2.500000000000000e-01
x2 = 6.375123862498869e-01 (dx=-8.300781250000000e-03 dx_old0=-3.125000000000000e-02 dx_old1=-2.500000000000000e-01
linear converge rate_dx and fixed-point distance of chord newton:
rate_dx0 = 2.656250000000000e-01, rate_dx_avg = 3.320312500000001e-02, dist_estimate= 3.002410239361702e-03, dist_estimate_avg = 2.850773358585859e-04, dist_exact = 3.342437563452427e-03
rate_dx1 = 2.656250000000000e-01, rate_dx_avg = 3.320312500000001e-02, dist_estimate= 3.002410239361702e-03, dist_estimate_avg = 2.850773358585859e-04, dist_exact = 3.342437563452427e-03
rate_dx2 = 2.656250000000000e-01, rate_dx_avg = 3.320312500000001e-02, dist_estimate= 3.002410239361702e-03, dist_estimate_avg = 2.850773358585859e-04, dist_exact = 3.342437563452427e-03
rate_f0 = 2.656250000000000e-01
rate_f1 = 2.656250000000000e-01
rate_f2 = 2.656250000000000e-01
[converge predict iterative]   need 2 iter for delta norm converge to 8.137203745230820e-01
[converge predict approximate] need 2 iter for delta norm converge to 8.137203745230820e-01
[converge predict iterative]   need 14 iter for f norm converge to 2.889473511579656e-01
[converge predict approximate] need 6 iter for f norm converge to 3.512372794664387e-01

------- iter 4 -------
x[0]=7.104492187500000e-01 f[0]=-9.476184844970703e-03
x[1]=7.104492187500000e-01 f[1]=-9.476184844970703e-03
x[2]=7.104492187500000e-01 f[2]=9.476184844970703e-03
iter=4 norm=9.998944834340198e+02 f[0]=-9.476184844970703e-03 f_old[0]=-3.320312500000000e-02 residue non-converged, df=2.372694015502930e-02, tol=9.477184844970704e-06
J = 
-2.0000000000e+00 0.0000000000e+00 -2.0000000000e+00 
-0.0000000000e+00 -2.0000000000e+00 -2.0000000000e+00 
-1.0000000000e+00 -1.0000000000e+00 -4.0000000000e+00 
|J|_max = 6.000000000000000e+00
J^-1 = 
-7.5000000000e-01 -2.5000000000e-01 5.0000000000e-01 
-2.5000000000e-01 -7.5000000000e-01 5.0000000000e-01 
2.5000000000e-01 2.5000000000e-01 -5.0000000000e-01 
|J^-1|_max = 1.500000000000000e+00
x[0] new=7.080801725387573e-01 old=7.104492187500000e-01 dx=-2.369046211242676e-03 f=-9.476184844970703e-03
x[1] new=7.080801725387573e-01 old=7.104492187500000e-01 dx=-2.369046211242676e-03 f=-9.476184844970703e-03
x[2] new=7.080801725387573e-01 old=7.104492187500000e-01 dx=-2.369046211242676e-03 f=9.476184844970703e-03
[norm] |X|_max=2.369046211242676e-03 <= |F|_max=9.476184844970703e-03 * |J^-1|_norm=1.500000000000000e+00 = 1.421427726745605e-02 --> 1
iter=4 norm=3.329887993137494e+00 x[0]=7.104492187500000e-01 x_new[0]=7.080801725387573e-01 delta non-converged, dx=-2.369046211242676e-03, tol=7.104502187500001e-04
[converge info] iter=4   dx_norm=3.329887993137494e+00 (id=0  ), f_norm=9.998944834340198e+02 (id=0  )
iter=4 nr_converge=0 delta_converge=0 f_converge=0
converge order of each variable:
x0 = 9.458330141156347e-01 (dx=-2.369046211242676e-03 dx_old0=-8.300781250000000e-03 dx_old1=-3.125000000000000e-02
x1 = 9.458330141156347e-01 (dx=-2.369046211242676e-03 dx_old0=-8.300781250000000e-03 dx_old1=-3.125000000000000e-02
x2 = 9.458330141156347e-01 (dx=-2.369046211242676e-03 dx_old0=-8.300781250000000e-03 dx_old1=-3.125000000000000e-02
linear converge rate_dx and fixed-point distance of chord newton:
rate_dx0 = 2.854003906250000e-01, rate_dx_avg = 9.734569761921016e-02, dist_estimate= 9.461616060617315e-04, dist_estimate_avg = 2.554870181389532e-04, dist_exact = 9.733913522097515e-04
rate_dx1 = 2.854003906250000e-01, rate_dx_avg = 9.734569761921016e-02, dist_estimate= 9.461616060617315e-04, dist_estimate_avg = 2.554870181389532e-04, dist_exact = 9.733913522097515e-04
rate_dx2 = 2.854003906250000e-01, rate_dx_avg = 9.734569761921016e-02, dist_estimate= 9.461616060617315e-04, dist_estimate_avg = 2.554870181389532e-04, dist_exact = 9.733913522097515e-04
rate_f0 = 2.854003906250000e-01
rate_f1 = 2.854003906250000e-01
rate_f2 = 2.854003906250000e-01
[converge predict iterative]   need 1 iter for delta norm converge to 9.503513339789381e-01
[converge predict approximate] need 1 iter for delta norm converge to 9.503513339789382e-01
[converge predict iterative]   need 13 iter for f norm converge to 7.892234019675527e-01
[converge predict approximate] need 6 iter for f norm converge to 5.403579575759330e-01

------- iter 5 -------
x[0]=7.080801725387573e-01 f[0]=-2.755061485032684e-03
x[1]=7.080801725387573e-01 f[1]=-2.755061485032684e-03
x[2]=7.080801725387573e-01 f[2]=2.755061485032684e-03
iter=5 norm=9.996371633922427e+02 f[0]=-2.755061485032684e-03 f_old[0]=-9.476184844970703e-03 residue non-converged, df=6.721123359938019e-03, tol=2.756061485032684e-06
J = 
-2.0000000000e+00 0.0000000000e+00 -2.0000000000e+00 
-0.0000000000e+00 -2.0000000000e+00 -2.0000000000e+00 
-1.0000000000e+00 -1.0000000000e+00 -4.0000000000e+00 
|J|_max = 6.000000000000000e+00
J^-1 = 
-7.5000000000e-01 -2.5000000000e-01 5.0000000000e-01 
-2.5000000000e-01 -7.5000000000e-01 5.0000000000e-01 
2.5000000000e-01 2.5000000000e-01 -5.0000000000e-01 
|J^-1|_max = 1.500000000000000e+00
x[0] new=7.073914071674992e-01 old=7.080801725387573e-01 dx=-6.887653712581709e-04 f=-2.755061485032684e-03
x[1] new=7.073914071674992e-01 old=7.080801725387573e-01 dx=-6.887653712581709e-04 f=-2.755061485032684e-03
x[2] new=7.073914071674992e-01 old=7.080801725387573e-01 dx=-6.887653712581709e-04 f=2.755061485032684e-03
[norm] |X|_max=6.887653712581709e-04 <= |F|_max=2.755061485032684e-03 * |J^-1|_norm=1.500000000000000e+00 = 4.132592227549026e-03 --> 1
[converge info] iter=5   dx_norm=9.713504874803477e-01 (id=0  ), f_norm=9.996371633922427e+02 (id=0  )
iter=5 nr_converge=0 delta_converge=1 f_converge=0
converge order of each variable:
x0 = 9.852294993897550e-01 (dx=-6.887653712581709e-04 dx_old0=-2.369046211242676e-03 dx_old1=-8.300781250000000e-03
x1 = 9.852294993897550e-01 (dx=-6.887653712581709e-04 dx_old0=-2.369046211242676e-03 dx_old1=-8.300781250000000e-03
x2 = 9.852294993897550e-01 (dx=-6.887653712581709e-04 dx_old0=-2.369046211242676e-03 dx_old1=-8.300781250000000e-03
linear converge rate_dx and fixed-point distance of chord newton:
rate_dx0 = 2.907353043556213e-01, rate_dx_avg = 1.401878682774881e-01, dist_estimate= 2.823324085804495e-04, dist_estimate_avg = 1.122995891516421e-04, dist_exact = 2.846259809515805e-04
rate_dx1 = 2.907353043556213e-01, rate_dx_avg = 1.401878682774881e-01, dist_estimate= 2.823324085804495e-04, dist_estimate_avg = 1.122995891516421e-04, dist_exact = 2.846259809515805e-04
rate_dx2 = 2.907353043556213e-01, rate_dx_avg = 1.401878682774881e-01, dist_estimate= 2.823324085804495e-04, dist_estimate_avg = 1.122995891516421e-04, dist_exact = 2.846259809515805e-04
rate_f0 = 2.907353043556213e-01
rate_f1 = 2.907353043556213e-01
rate_f2 = 2.907353043556213e-01
[converge predict iterative]   need 13 iter for f norm converge to 2.920622796056708e-01
[converge predict approximate] need 6 iter for f norm converge to 6.037109107904066e-01

------- iter 6 -------
x[0]=7.073914071674992e-01 f[0]=-8.052058688290398e-04
x[1]=7.073914071674992e-01 f[1]=-8.052058688290398e-04
x[2]=7.073914071674992e-01 f[2]=8.052058688290398e-04
iter=6 norm=9.987596220287352e+02 f[0]=-8.052058688290398e-04 f_old[0]=-2.755061485032684e-03 residue non-converged, df=1.949855616203644e-03, tol=8.062058688290398e-07
J = 
-2.0000000000e+00 0.0000000000e+00 -2.0000000000e+00 
-0.0000000000e+00 -2.0000000000e+00 -2.0000000000e+00 
-1.0000000000e+00 -1.0000000000e+00 -4.0000000000e+00 
|J|_max = 6.000000000000000e+00
J^-1 = 
-7.5000000000e-01 -2.5000000000e-01 5.0000000000e-01 
-2.5000000000e-01 -7.5000000000e-01 5.0000000000e-01 
2.5000000000e-01 2.5000000000e-01 -5.0000000000e-01 
|J^-1|_max = 1.500000000000000e+00
x[0] new=7.071901057002918e-01 old=7.073914071674992e-01 dx=-2.013014672072599e-04 f=-8.052058688290398e-04
x[1] new=7.071901057002918e-01 old=7.073914071674992e-01 dx=-2.013014672072599e-04 f=-8.052058688290398e-04
x[2] new=7.071901057002918e-01 old=7.073914071674992e-01 dx=-2.013014672072599e-04 f=8.052058688290398e-04
[norm] |X|_max=2.013014672072599e-04 <= |F|_max=8.052058688290398e-04 * |J^-1|_norm=1.500000000000000e+00 = 1.207808803243560e-03 --> 1
[converge info] iter=6   dx_norm=9.713504874803477e-01 (id=0  ), f_norm=9.987596220287352e+02 (id=0  )
iter=6 nr_converge=0 delta_converge=1 f_converge=0
converge order of each variable:
x0 = 9.957542315527057e-01 (dx=-2.013014672072599e-04 dx_old0=-6.887653712581709e-04 dx_old1=-2.369046211242676e-03
x1 = 9.957542315527057e-01 (dx=-2.013014672072599e-04 dx_old0=-6.887653712581709e-04 dx_old1=-2.369046211242676e-03
x2 = 9.957542315527057e-01 (dx=-2.013014672072599e-04 dx_old0=-6.887653712581709e-04 dx_old1=-2.369046211242676e-03
linear converge rate_dx and fixed-point distance of chord newton:
rate_dx0 = 2.922642101468336e-01, rate_dx_avg = 1.684522176989861e-01, dist_estimate= 8.312878217863568e-05, dist_estimate_avg = 4.077898985346294e-05, dist_exact = 8.332451374426508e-05
rate_dx1 = 2.922642101468336e-01, rate_dx_avg = 1.684522176989861e-01, dist_estimate= 8.312878217863568e-05, dist_estimate_avg = 4.077898985346294e-05, dist_exact = 8.332451374426508e-05
rate_dx2 = 2.922642101468336e-01, rate_dx_avg = 1.684522176989861e-01, dist_estimate= 8.312878217863568e-05, dist_estimate_avg = 4.077898985346294e-05, dist_exact = 8.332451374426508e-05
rate_f0 = 2.922642101468336e-01
rate_f1 = 2.922642101468336e-01
rate_f2 = 2.922642101468336e-01
[converge predict iterative]   need 12 iter for f norm converge to 3.126646305390428e-01
[converge predict approximate] need 6 iter for f norm converge to 6.224647939007891e-01

------- iter 7 -------
x[0]=7.071901057002918e-01 f[0]=-2.356912007799306e-04
x[1]=7.071901057002918e-01 f[1]=-2.356912007799306e-04
x[2]=7.071901057002918e-01 f[2]=2.356912007799306e-04
iter=7 norm=9.957750858641773e+02 f[0]=-2.356912007799306e-04 f_old[0]=-8.052058688290398e-04 residue non-converged, df=5.695146680491092e-04, tol=2.366912007799305e-07
J = 
-2.0000000000e+00 0.0000000000e+00 -2.0000000000e+00 
-0.0000000000e+00 -2.0000000000e+00 -2.0000000000e+00 
-1.0000000000e+00 -1.0000000000e+00 -4.0000000000e+00 
|J|_max = 6.000000000000000e+00
J^-1 = 
-7.5000000000e-01 -2.5000000000e-01 5.0000000000e-01 
-2.5000000000e-01 -7.5000000000e-01 5.0000000000e-01 
2.5000000000e-01 2.5000000000e-01 -5.0000000000e-01 
|J^-1|_max = 1.500000000000000e+00
x[0] new=7.071311829000968e-01 old=7.071901057002918e-01 dx=-5.892280019498264e-05 f=-2.356912007799306e-04
x[1] new=7.071311829000968e-01 old=7.071901057002918e-01 dx=-5.892280019498264e-05 f=-2.356912007799306e-04
x[2] new=7.071311829000968e-01 old=7.071901057002918e-01 dx=-5.892280019498264e-05 f=2.356912007799306e-04
[norm] |X|_max=5.892280019498264e-05 <= |F|_max=2.356912007799306e-04 * |J^-1|_norm=1.500000000000000e+00 = 3.535368011698958e-04 --> 1
[converge info] iter=7   dx_norm=9.713504874803477e-01 (id=0  ), f_norm=9.957750858641773e+02 (id=0  )
iter=7 nr_converge=0 delta_converge=1 f_converge=0
converge order of each variable:
x0 = 9.987630641777070e-01 (dx=-5.892280019498264e-05 dx_old0=-2.013014672072599e-04 dx_old1=-6.887653712581709e-04
x1 = 9.987630641777070e-01 (dx=-5.892280019498264e-05 dx_old0=-2.013014672072599e-04 dx_old1=-6.887653712581709e-04
x2 = 9.987630641777070e-01 (dx=-5.892280019498264e-05 dx_old0=-2.013014672072599e-04 dx_old1=-6.887653712581709e-04
linear converge rate_dx and fixed-point distance of chord newton:
rate_dx0 = 2.927092435660975e-01, rate_dx_avg = 1.881345997515522e-01, dist_estimate= 2.438494793969707e-05, dist_estimate_avg = 1.365425528361151e-05, dist_exact = 2.440171354922693e-05
rate_dx1 = 2.927092435660975e-01, rate_dx_avg = 1.881345997515522e-01, dist_estimate= 2.438494793969707e-05, dist_estimate_avg = 1.365425528361151e-05, dist_exact = 2.440171354922693e-05
rate_dx2 = 2.927092435660975e-01, rate_dx_avg = 1.881345997515522e-01, dist_estimate= 2.438494793969707e-05, dist_estimate_avg = 1.365425528361151e-05, dist_exact = 2.440171354922693e-05
rate_f0 = 2.927092435660975e-01
rate_f1 = 2.927092435660975e-01
rate_f2 = 2.927092435660975e-01
[converge predict iterative]   need 11 iter for f norm converge to 3.184240548629473e-01
[converge predict approximate] need 6 iter for f norm converge to 6.262963496107804e-01

------- iter 8 -------
x[0]=7.071311829000968e-01 f[0]=-6.901965938022059e-05
x[1]=7.071311829000968e-01 f[1]=-6.901965938022059e-05
x[2]=7.071311829000968e-01 f[2]=6.901965938022059e-05
iter=8 norm=9.857182967062179e+02 f[0]=-6.901965938022059e-05 f_old[0]=-2.356912007799306e-04 residue non-converged, df=1.666715413997100e-04, tol=7.001965938022059e-08
J = 
-2.0000000000e+00 0.0000000000e+00 -2.0000000000e+00 
-0.0000000000e+00 -2.0000000000e+00 -2.0000000000e+00 
-1.0000000000e+00 -1.0000000000e+00 -4.0000000000e+00 
|J|_max = 6.000000000000000e+00
J^-1 = 
-7.5000000000e-01 -2.5000000000e-01 5.0000000000e-01 
-2.5000000000e-01 -7.5000000000e-01 5.0000000000e-01 
2.5000000000e-01 2.5000000000e-01 -5.0000000000e-01 
|J^-1|_max = 1.500000000000000e+00
x[0] new=7.071139279852517e-01 old=7.071311829000968e-01 dx=-1.725491484505515e-05 f=-6.901965938022059e-05
x[1] new=7.071139279852517e-01 old=7.071311829000968e-01 dx=-1.725491484505515e-05 f=-6.901965938022059e-05
x[2] new=7.071139279852517e-01 old=7.071311829000968e-01 dx=-1.725491484505515e-05 f=6.901965938022059e-05
[norm] |X|_max=1.725491484505515e-05 <= |F|_max=6.901965938022059e-05 * |J^-1|_norm=1.500000000000000e+00 = 1.035294890703309e-04 --> 1
[converge info] iter=8   dx_norm=9.713504874803477e-01 (id=0  ), f_norm=9.857182967062179e+02 (id=0  )
iter=8 nr_converge=0 delta_converge=1 f_converge=0
converge order of each variable:
x0 = 9.996382712739453e-01 (dx=-1.725491484505515e-05 dx_old0=-5.892280019498264e-05 dx_old1=-2.013014672072599e-04
x1 = 9.996382712739453e-01 (dx=-1.725491484505515e-05 dx_old0=-5.892280019498264e-05 dx_old1=-2.013014672072599e-04
x2 = 9.996382712739453e-01 (dx=-1.725491484505515e-05 dx_old0=-5.892280019498264e-05 dx_old1=-2.013014672072599e-04
linear converge rate_dx and fixed-point distance of chord newton:
rate_dx0 = 2.928393556985845e-01, rate_dx_avg = 2.025328474624275e-01, dist_estimate= 7.145361081075898e-06, dist_estimate_avg = 4.382233205681884e-06, dist_exact = 7.146798704171786e-06
rate_dx1 = 2.928393556985845e-01, rate_dx_avg = 2.025328474624275e-01, dist_estimate= 7.145361081075898e-06, dist_estimate_avg = 4.382233205681884e-06, dist_exact = 7.146798704171786e-06
rate_dx2 = 2.928393556985845e-01, rate_dx_avg = 2.025328474624275e-01, dist_estimate= 7.145361081075898e-06, dist_estimate_avg = 4.382233205681884e-06, dist_exact = 7.146798704171786e-06
rate_f0 = 2.928393556985845e-01
rate_f1 = 2.928393556985845e-01
rate_f2 = 2.928393556985845e-01
[converge predict iterative]   need 10 iter for f norm converge to 3.199839894116416e-01
[converge predict approximate] need 6 iter for f norm converge to 6.216264336306007e-01

------- iter 9 -------
x[0]=7.071139279852517e-01 f[0]=-2.021430146359471e-05
x[1]=7.071139279852517e-01 f[1]=-2.021430146359471e-05
x[2]=7.071139279852517e-01 f[2]=2.021430146359471e-05
iter=9 norm=9.528619878568204e+02 f[0]=-2.021430146359471e-05 f_old[0]=-6.901965938022059e-05 residue non-converged, df=4.880535791662588e-05, tol=2.121430146359471e-08
J = 
-2.0000000000e+00 0.0000000000e+00 -2.0000000000e+00 
-0.0000000000e+00 -2.0000000000e+00 -2.0000000000e+00 
-1.0000000000e+00 -1.0000000000e+00 -4.0000000000e+00 
|J|_max = 6.000000000000000e+00
J^-1 = 
-7.5000000000e-01 -2.5000000000e-01 5.0000000000e-01 
-2.5000000000e-01 -7.5000000000e-01 5.0000000000e-01 
2.5000000000e-01 2.5000000000e-01 -5.0000000000e-01 
|J^-1|_max = 1.500000000000000e+00
x[0] new=7.071088744098859e-01 old=7.071139279852517e-01 dx=-5.053575365898677e-06 f=-2.021430146359471e-05
x[1] new=7.071088744098859e-01 old=7.071139279852517e-01 dx=-5.053575365898677e-06 f=-2.021430146359471e-05
x[2] new=7.071088744098859e-01 old=7.071139279852517e-01 dx=-5.053575365898677e-06 f=2.021430146359471e-05
[norm] |X|_max=5.053575365898677e-06 <= |F|_max=2.021430146359471e-05 * |J^-1|_norm=1.500000000000000e+00 = 3.032145219539206e-05 --> 1
[converge info] iter=9   dx_norm=9.713504874803477e-01 (id=0  ), f_norm=9.528619878568204e+02 (id=0  )
iter=9 nr_converge=0 delta_converge=1 f_converge=0
converge order of each variable:
x0 = 9.998941000965194e-01 (dx=-5.053575365898677e-06 dx_old0=-1.725491484505515e-05 dx_old1=-5.892280019498264e-05
x1 = 9.998941000965194e-01 (dx=-5.053575365898677e-06 dx_old0=-1.725491484505515e-05 dx_old1=-5.892280019498264e-05
x2 = 9.998941000965194e-01 (dx=-5.053575365898677e-06 dx_old0=-1.725491484505515e-05 dx_old1=-5.892280019498264e-05
linear converge rate_dx and fixed-point distance of chord newton:
rate_dx0 = 2.928774445587550e-01, rate_dx_avg = 2.134911220425395e-01, dist_estimate= 2.093100025816472e-06, dist_estimate_avg = 1.371749900642062e-06, dist_exact = 2.093223338328620e-06
rate_dx1 = 2.928774445587550e-01, rate_dx_avg = 2.134911220425395e-01, dist_estimate= 2.093100025816472e-06, dist_estimate_avg = 1.371749900642062e-06, dist_exact = 2.093223338328620e-06
rate_dx2 = 2.928774445587550e-01, rate_dx_avg = 2.134911220425395e-01, dist_estimate= 2.093100025816472e-06, dist_estimate_avg = 1.371749900642062e-06, dist_exact = 2.093223338328620e-06
rate_f0 = 2.928774445587550e-01
rate_f1 = 2.928774445587550e-01
rate_f2 = 2.928774445587550e-01
[converge predict iterative]   need 9 iter for f norm converge to 3.204002945964974e-01
[converge predict approximate] need 6 iter for f norm converge to 6.013752651861537e-01

------- iter 10 -------
x[0]=7.071088744098859e-01 f[0]=-5.920538431514188e-06
x[1]=7.071088744098859e-01 f[1]=-5.920538431514188e-06
x[2]=7.071088744098859e-01 f[2]=5.920538431514188e-06
iter=10 norm=8.555025725388243e+02 f[0]=-5.920538431514188e-06 f_old[0]=-2.021430146359471e-05 residue non-converged, df=1.429376303208052e-05, tol=6.920538431514188e-09
J = 
-2.0000000000e+00 0.0000000000e+00 -2.0000000000e+00 
-0.0000000000e+00 -2.0000000000e+00 -2.0000000000e+00 
-1.0000000000e+00 -1.0000000000e+00 -4.0000000000e+00 
|J|_max = 6.000000000000000e+00
J^-1 = 
-7.5000000000e-01 -2.5000000000e-01 5.0000000000e-01 
-2.5000000000e-01 -7.5000000000e-01 5.0000000000e-01 
2.5000000000e-01 2.5000000000e-01 -5.0000000000e-01 
|J^-1|_max = 1.500000000000000e+00
x[0] new=7.071073942752780e-01 old=7.071088744098859e-01 dx=-1.480134607878547e-06 f=-5.920538431514188e-06
x[1] new=7.071073942752780e-01 old=7.071088744098859e-01 dx=-1.480134607878547e-06 f=-5.920538431514188e-06
x[2] new=7.071073942752780e-01 old=7.071088744098859e-01 dx=-1.480134607878547e-06 f=5.920538431514188e-06
[norm] |X|_max=1.480134607878547e-06 <= |F|_max=5.920538431514188e-06 * |J^-1|_norm=1.500000000000000e+00 = 8.880807647271283e-06 --> 1
[converge info] iter=10  dx_norm=9.713504874803477e-01 (id=0  ), f_norm=8.555025725388243e+02 (id=0  )
iter=10 nr_converge=0 delta_converge=1 f_converge=0
converge order of each variable:
x0 = 9.999689867459257e-01 (dx=-1.480134607878547e-06 dx_old0=-5.053575365898677e-06 dx_old1=-1.725491484505515e-05
x1 = 9.999689867459257e-01 (dx=-1.480134607878547e-06 dx_old0=-5.053575365898677e-06 dx_old1=-1.725491484505515e-05
x2 = 9.999689867459257e-01 (dx=-1.480134607878547e-06 dx_old0=-5.053575365898677e-06 dx_old1=-1.725491484505515e-05
linear converge rate_dx and fixed-point distance of chord newton:
rate_dx0 = 2.928885988059931e-01, rate_dx_avg = 2.220982571525787e-01, dist_estimate= 6.130781523445755e-07, dist_estimate_avg = 4.225923386644468e-07, dist_exact = 6.130887304500732e-07
rate_dx1 = 2.928885988059931e-01, rate_dx_avg = 2.220982571525787e-01, dist_estimate= 6.130781523445755e-07, dist_estimate_avg = 4.225923386644468e-07, dist_exact = 6.130887304500732e-07
rate_dx2 = 2.928885988059931e-01, rate_dx_avg = 2.220982571525787e-01, dist_estimate= 6.130781523445755e-07, dist_estimate_avg = 4.225923386644468e-07, dist_exact = 6.130887304500732e-07
rate_f0 = 2.928885988059931e-01
rate_f1 = 2.928885988059931e-01
rate_f2 = 2.928885988059931e-01
[converge predict iterative]   need 8 iter for f norm converge to 3.205100982269345e-01
[converge predict approximate] need 6 iter for f norm converge to 5.400526704501184e-01

------- iter 11 -------
x[0]=7.071073942752780e-01 f[0]=-1.734077546888813e-06
x[1]=7.071073942752780e-01 f[1]=-1.734077546888813e-06
x[2]=7.071073942752780e-01 f[2]=1.734077546888813e-06
iter=11 norm=6.342459265144365e+02 f[0]=-1.734077546888813e-06 f_old[0]=-5.920538431514188e-06 residue non-converged, df=4.186460884625376e-06, tol=2.734077546888813e-09
J = 
-2.0000000000e+00 0.0000000000e+00 -2.0000000000e+00 
-0.0000000000e+00 -2.0000000000e+00 -2.0000000000e+00 
-1.0000000000e+00 -1.0000000000e+00 -4.0000000000e+00 
|J|_max = 6.000000000000000e+00
J^-1 = 
-7.5000000000e-01 -2.5000000000e-01 5.0000000000e-01 
-2.5000000000e-01 -7.5000000000e-01 5.0000000000e-01 
2.5000000000e-01 2.5000000000e-01 -5.0000000000e-01 
|J^-1|_max = 1.500000000000000e+00
x[0] new=7.071069607558913e-01 old=7.071073942752780e-01 dx=-4.335193867222031e-07 f=-1.734077546888813e-06
x[1] new=7.071069607558913e-01 old=7.071073942752780e-01 dx=-4.335193867222031e-07 f=-1.734077546888813e-06
x[2] new=7.071069607558913e-01 old=7.071073942752780e-01 dx=-4.335193867222031e-07 f=1.734077546888813e-06
[norm] |X|_max=4.335193867222031e-07 <= |F|_max=1.734077546888813e-06 * |J^-1|_norm=1.500000000000000e+00 = 2.601116320333219e-06 --> 1
[converge info] iter=11  dx_norm=9.713504874803477e-01 (id=0  ), f_norm=6.342459265144365e+02 (id=0  )
iter=11 nr_converge=0 delta_converge=1 f_converge=0
converge order of each variable:
x0 = 9.999909167990821e-01 (dx=-4.335193867222031e-07 dx_old0=-1.480134607878547e-06 dx_old1=-5.053575365898677e-06
x1 = 9.999909167990821e-01 (dx=-4.335193867222031e-07 dx_old0=-1.480134607878547e-06 dx_old1=-5.053575365898677e-06
x2 = 9.999909167990821e-01 (dx=-4.335193867222031e-07 dx_old0=-1.480134607878547e-06 dx_old1=-5.053575365898677e-06
linear converge rate_dx and fixed-point distance of chord newton:
rate_dx0 = 2.928918656550835e-01, rate_dx_avg = 2.290321772600197e-01, dist_estimate= 1.795684362934759e-07, dist_estimate_avg = 1.287860350287298e-07, dist_exact = 1.795693437278700e-07
rate_dx1 = 2.928918656550835e-01, rate_dx_avg = 2.290321772600197e-01, dist_estimate= 1.795684362934759e-07, dist_estimate_avg = 1.287860350287298e-07, dist_exact = 1.795693437278700e-07
rate_dx2 = 2.928918656550835e-01, rate_dx_avg = 2.290321772600197e-01, dist_estimate= 1.795684362934759e-07, dist_estimate_avg = 1.287860350287298e-07, dist_exact = 1.795693437278700e-07
rate_f0 = 2.928918656550835e-01
rate_f1 = 2.928918656550835e-01
rate_f2 = 2.928918656550835e-01
[converge predict iterative]   need 7 iter for f norm converge to 3.205386896673126e-01
[converge predict approximate] need 6 iter for f norm converge to 4.004068964629959e-01

------- iter 12 -------
x[0]=7.071069607558913e-01 f[0]=-5.078988671858298e-07
x[1]=7.071069607558913e-01 f[1]=-5.078988671858298e-07
x[2]=7.071069607558913e-01 f[2]=5.078988671858298e-07
iter=12 norm=3.368255512610830e+02 f[0]=-5.078988671858298e-07 f_old[0]=-1.734077546888813e-06 residue non-converged, df=1.226178679702983e-06, tol=1.507898867185830e-09
J = 
-2.0000000000e+00 0.0000000000e+00 -2.0000000000e+00 
-0.0000000000e+00 -2.0000000000e+00 -2.0000000000e+00 
-1.0000000000e+00 -1.0000000000e+00 -4.0000000000e+00 
|J|_max = 6.000000000000000e+00
J^-1 = 
-7.5000000000e-01 -2.5000000000e-01 5.0000000000e-01 
-2.5000000000e-01 -7.5000000000e-01 5.0000000000e-01 
2.5000000000e-01 2.5000000000e-01 -5.0000000000e-01 
|J^-1|_max = 1.500000000000000e+00
x[0] new=7.071068337811746e-01 old=7.071069607558913e-01 dx=-1.269747167964574e-07 f=-5.078988671858298e-07
x[1] new=7.071068337811746e-01 old=7.071069607558913e-01 dx=-1.269747167964574e-07 f=-5.078988671858298e-07
x[2] new=7.071068337811746e-01 old=7.071069607558913e-01 dx=-1.269747167964574e-07 f=5.078988671858298e-07
[norm] |X|_max=1.269747167964574e-07 <= |F|_max=5.078988671858298e-07 * |J^-1|_norm=1.500000000000000e+00 = 7.618483007787447e-07 --> 1
[converge info] iter=12  dx_norm=9.713504874803477e-01 (id=0  ), f_norm=3.368255512610830e+02 (id=0  )
iter=12 nr_converge=0 delta_converge=1 f_converge=0
converge order of each variable:
x0 = 9.999973394976295e-01 (dx=-1.269747167964574e-07 dx_old0=-4.335193867222031e-07 dx_old1=-1.480134607878547e-06
x1 = 9.999973394976295e-01 (dx=-1.269747167964574e-07 dx_old0=-4.335193867222031e-07 dx_old1=-1.480134607878547e-06
x2 = 9.999973394976295e-01 (dx=-1.269747167964574e-07 dx_old0=-4.335193867222031e-07 dx_old1=-1.480134607878547e-06
linear converge rate_dx and fixed-point distance of chord newton:
rate_dx0 = 2.928928225251946e-01, rate_dx_avg = 2.347349323366839e-01, dist_estimate= 5.259454913845328e-08, dist_estimate_avg = 3.894781405179615e-08, dist_exact = 5.259462698692374e-08
rate_dx1 = 2.928928225251946e-01, rate_dx_avg = 2.347349323366839e-01, dist_estimate= 5.259454913845328e-08, dist_estimate_avg = 3.894781405179615e-08, dist_exact = 5.259462698692374e-08
rate_dx2 = 2.928928225251946e-01, rate_dx_avg = 2.347349323366839e-01, dist_estimate= 5.259454913845328e-08, dist_estimate_avg = 3.894781405179615e-08, dist_exact = 5.259462698692374e-08
rate_f0 = 2.928928225251946e-01
rate_f1 = 2.928928225251946e-01
rate_f2 = 2.928928225251946e-01
[converge predict iterative]   need 6 iter for f norm converge to 3.205460177303875e-01
[converge predict approximate] need 5 iter for f norm converge to 7.260201517683722e-01

------- iter 13 -------
x[0]=7.071068337811746e-01 f[0]=-1.487600751470808e-07
x[1]=7.071068337811746e-01 f[1]=-1.487600751470808e-07
x[2]=7.071068337811746e-01 f[2]=1.487600751470808e-07
iter=13 norm=1.294962093177153e+02 f[0]=-1.487600751470808e-07 f_old[0]=-5.078988671858298e-07 residue non-converged, df=3.591387920387490e-07, tol=1.148760075147081e-09
J = 
-2.0000000000e+00 0.0000000000e+00 -2.0000000000e+00 
-0.0000000000e+00 -2.0000000000e+00 -2.0000000000e+00 
-1.0000000000e+00 -1.0000000000e+00 -4.0000000000e+00 
|J|_max = 6.000000000000000e+00
J^-1 = 
-7.5000000000e-01 -2.5000000000e-01 5.0000000000e-01 
-2.5000000000e-01 -7.5000000000e-01 5.0000000000e-01 
2.5000000000e-01 2.5000000000e-01 -5.0000000000e-01 
|J^-1|_max = 1.500000000000000e+00
x[0] new=7.071067965911557e-01 old=7.071068337811746e-01 dx=-3.719001878677020e-08 f=-1.487600751470808e-07
x[1] new=7.071067965911557e-01 old=7.071068337811746e-01 dx=-3.719001878677020e-08 f=-1.487600751470808e-07
x[2] new=7.071067965911557e-01 old=7.071068337811746e-01 dx=-3.719001878677020e-08 f=1.487600751470808e-07
[norm] |X|_max=3.719001878677020e-08 <= |F|_max=1.487600751470808e-07 * |J^-1|_norm=1.500000000000000e+00 = 2.231401127206212e-07 --> 1
[converge info] iter=13  dx_norm=9.713504874803477e-01 (id=0  ), f_norm=1.294962093177153e+02 (id=0  )
iter=13 nr_converge=0 delta_converge=1 f_converge=0
converge order of each variable:
x0 = 9.999992205618660e-01 (dx=-3.719001878677020e-08 dx_old0=-1.269747167964574e-07 dx_old1=-4.335193867222031e-07
x1 = 9.999992205618660e-01 (dx=-3.719001878677020e-08 dx_old0=-1.269747167964574e-07 dx_old1=-4.335193867222031e-07
x2 = 9.999992205618660e-01 (dx=-3.719001878677020e-08 dx_old0=-1.269747167964574e-07 dx_old1=-4.335193867222031e-07
linear converge rate_dx and fixed-point distance of chord newton:
rate_dx0 = 2.928931028559521e-01, rate_dx_avg = 2.395063015610784e-01, dist_estimate= 1.540460154146859e-08, dist_estimate_avg = 1.171244925880439e-08, dist_exact = 1.540460814464240e-08
rate_dx1 = 2.928931028559521e-01, rate_dx_avg = 2.395063015610784e-01, dist_estimate= 1.540460154146859e-08, dist_estimate_avg = 1.171244925880439e-08, dist_exact = 1.540460814464240e-08
rate_dx2 = 2.928931028559521e-01, rate_dx_avg = 2.395063015610784e-01, dist_estimate= 1.540460154146859e-08, dist_estimate_avg = 1.171244925880439e-08, dist_exact = 1.540460814464240e-08
rate_f0 = 2.928931028559521e-01
rate_f1 = 2.928931028559521e-01
rate_f2 = 2.928931028559521e-01
[converge predict iterative]   need 5 iter for f norm converge to 3.205478579322343e-01
[converge predict approximate] need 4 iter for f norm converge to 9.530016120467708e-01

------- iter 14 -------
x[0]=7.071067965911557e-01 f[0]=-4.357081206940450e-08
x[1]=7.071067965911557e-01 f[1]=-4.357081206940450e-08
x[2]=7.071067965911557e-01 f[2]=4.357081206940450e-08
iter=14 norm=4.175165840735180e+01 f[0]=-4.357081206940450e-08 f_old[0]=-1.487600751470808e-07 residue non-converged, df=1.051892630776763e-07, tol=1.043570812069405e-09
J = 
-2.0000000000e+00 0.0000000000e+00 -2.0000000000e+00 
-0.0000000000e+00 -2.0000000000e+00 -2.0000000000e+00 
-1.0000000000e+00 -1.0000000000e+00 -4.0000000000e+00 
|J|_max = 6.000000000000000e+00
J^-1 = 
-7.5000000000e-01 -2.5000000000e-01 5.0000000000e-01 
-2.5000000000e-01 -7.5000000000e-01 5.0000000000e-01 
2.5000000000e-01 2.5000000000e-01 -5.0000000000e-01 
|J^-1|_max = 1.500000000000000e+00
x[0] new=7.071067856984528e-01 old=7.071067965911557e-01 dx=-1.089270301735112e-08 f=-4.357081206940450e-08
x[1] new=7.071067856984528e-01 old=7.071067965911557e-01 dx=-1.089270301735112e-08 f=-4.357081206940450e-08
x[2] new=7.071067856984528e-01 old=7.071067965911557e-01 dx=-1.089270301735112e-08 f=4.357081206940450e-08
[norm] |X|_max=1.089270301735112e-08 <= |F|_max=4.357081206940450e-08 * |J^-1|_norm=1.500000000000000e+00 = 6.535621810410674e-08 --> 1
[converge info] iter=14  dx_norm=9.713504874803477e-01 (id=0  ), f_norm=4.175165840735180e+01 (id=0  )
iter=14 nr_converge=0 delta_converge=1 f_converge=0
converge order of each variable:
x0 = 9.999997742450533e-01 (dx=-1.089270301735112e-08 dx_old0=-3.719001878677020e-08 dx_old1=-1.269747167964574e-07
x1 = 9.999997742450533e-01 (dx=-1.089270301735112e-08 dx_old0=-3.719001878677020e-08 dx_old1=-1.269747167964574e-07
x2 = 9.999997742450533e-01 (dx=-1.089270301735112e-08 dx_old0=-3.719001878677020e-08 dx_old1=-1.269747167964574e-07
linear converge rate_dx and fixed-point distance of chord newton:
rate_dx0 = 2.928931840503948e-01, rate_dx_avg = 2.435564514414901e-01, dist_estimate= 4.511904563361882e-09, dist_estimate_avg = 3.507185828430457e-09, dist_exact = 4.511905182802423e-09
rate_dx1 = 2.928931840503948e-01, rate_dx_avg = 2.435564514414901e-01, dist_estimate= 4.511904563361882e-09, dist_estimate_avg = 3.507185828430457e-09, dist_exact = 4.511905182802423e-09
rate_dx2 = 2.928931840503948e-01, rate_dx_avg = 2.435564514414901e-01, dist_estimate= 4.511904563361882e-09, dist_estimate_avg = 3.507185828430457e-09, dist_exact = 4.511905182802423e-09
rate_f0 = 2.928931840503948e-01
rate_f1 = 2.928931840503948e-01
rate_f2 = 2.928931840503948e-01
[converge predict iterative]   need 4 iter for f norm converge to 3.205483020938764e-01
[converge predict approximate] need 4 iter for f norm converge to 3.072633716338692e-01

------- iter 15 -------
x[0]=7.071067856984528e-01 f[0]=-1.276159511398589e-08
x[1]=7.071067856984528e-01 f[1]=-1.276159511398589e-08
x[2]=7.071067856984528e-01 f[2]=1.276159511398589e-08
iter=15 norm=1.260078894732336e+01 f[0]=-1.276159511398589e-08 f_old[0]=-4.357081206940450e-08 residue non-converged, df=3.080921695541861e-08, tol=1.012761595113986e-09
J = 
-2.0000000000e+00 0.0000000000e+00 -2.0000000000e+00 
-0.0000000000e+00 -2.0000000000e+00 -2.0000000000e+00 
-1.0000000000e+00 -1.0000000000e+00 -4.0000000000e+00 
|J|_max = 6.000000000000000e+00
J^-1 = 
-7.5000000000e-01 -2.5000000000e-01 5.0000000000e-01 
-2.5000000000e-01 -7.5000000000e-01 5.0000000000e-01 
2.5000000000e-01 2.5000000000e-01 -5.0000000000e-01 
|J^-1|_max = 1.500000000000000e+00
x[0] new=7.071067825080539e-01 old=7.071067856984528e-01 dx=-3.190398778496473e-09 f=-1.276159511398589e-08
x[1] new=7.071067825080539e-01 old=7.071067856984528e-01 dx=-3.190398778496473e-09 f=-1.276159511398589e-08
x[2] new=7.071067825080539e-01 old=7.071067856984528e-01 dx=-3.190398778496473e-09 f=1.276159511398589e-08
[norm] |X|_max=3.190398778496473e-09 <= |F|_max=1.276159511398589e-08 * |J^-1|_norm=1.500000000000000e+00 = 1.914239267097884e-08 --> 1
[converge info] iter=15  dx_norm=9.713504874803477e-01 (id=0  ), f_norm=1.260078894732336e+01 (id=0  )
iter=15 nr_converge=0 delta_converge=1 f_converge=0
converge order of each variable:
x0 = 9.999999211696197e-01 (dx=-3.190398778496473e-09 dx_old0=-1.089270301735112e-08 dx_old1=-3.719001878677020e-08
x1 = 9.999999211696197e-01 (dx=-3.190398778496473e-09 dx_old0=-1.089270301735112e-08 dx_old1=-3.719001878677020e-08
x2 = 9.999999211696197e-01 (dx=-3.190398778496473e-09 dx_old0=-1.089270301735112e-08 dx_old1=-3.719001878677020e-08
linear converge rate_dx and fixed-point distance of chord newton:
rate_dx0 = 2.928932124023253e-01, rate_dx_avg = 2.470369519249764e-01, dist_estimate= 1.321506402523691e-09, dist_estimate_avg = 1.046726518226705e-09, dist_exact = 1.321506348794799e-09
rate_dx1 = 2.928932124023253e-01, rate_dx_avg = 2.470369519249764e-01, dist_estimate= 1.321506402523691e-09, dist_estimate_avg = 1.046726518226705e-09, dist_exact = 1.321506348794799e-09
rate_dx2 = 2.928932124023253e-01, rate_dx_avg = 2.470369519249764e-01, dist_estimate= 1.321506402523691e-09, dist_estimate_avg = 1.046726518226705e-09, dist_exact = 1.321506348794799e-09
rate_f0 = 2.928932124023253e-01
rate_f1 = 2.928932124023253e-01
rate_f2 = 2.928932124023253e-01
[converge predict iterative]   need 3 iter for f norm converge to 3.205484261698439e-01
[converge predict approximate] need 3 iter for f norm converge to 3.166107521826017e-01

------- iter 16 -------
x[0]=7.071067825080539e-01 f[0]=-3.737784526336441e-09
x[1]=7.071067825080539e-01 f[1]=-3.737784526336441e-09
x[2]=7.071067825080539e-01 f[2]=3.737784526336441e-09
iter=16 norm=3.723865519419795e+00 f[0]=-3.737784526336441e-09 f_old[0]=-1.276159511398589e-08 residue non-converged, df=9.023810587649450e-09, tol=1.003737784526337e-09
J = 
-2.0000000000e+00 0.0000000000e+00 -2.0000000000e+00 
-0.0000000000e+00 -2.0000000000e+00 -2.0000000000e+00 
-1.0000000000e+00 -1.0000000000e+00 -4.0000000000e+00 
|J|_max = 6.000000000000000e+00
J^-1 = 
-7.5000000000e-01 -2.5000000000e-01 5.0000000000e-01 
-2.5000000000e-01 -7.5000000000e-01 5.0000000000e-01 
2.5000000000e-01 2.5000000000e-01 -5.0000000000e-01 
|J^-1|_max = 1.500000000000000e+00
x[0] new=7.071067815736078e-01 old=7.071067825080539e-01 dx=-9.344461315841102e-10 f=-3.737784526336441e-09
x[1] new=7.071067815736078e-01 old=7.071067825080539e-01 dx=-9.344461315841102e-10 f=-3.737784526336441e-09
x[2] new=7.071067815736078e-01 old=7.071067825080539e-01 dx=-9.344461315841102e-10 f=3.737784526336441e-09
[norm] |X|_max=9.344461315841102e-10 <= |F|_max=3.737784526336441e-09 * |J^-1|_norm=1.500000000000000e+00 = 5.606676789504661e-09 --> 1
[converge info] iter=16  dx_norm=9.713504874803477e-01 (id=0  ), f_norm=3.723865519419795e+00 (id=0  )
iter=16 nr_converge=0 delta_converge=1 f_converge=0
converge order of each variable:
x0 = 1.000000013503133e+00 (dx=-9.344461315841102e-10 dx_old0=-3.190398778496473e-09 dx_old1=-1.089270301735112e-08
x1 = 1.000000013503133e+00 (dx=-9.344461315841102e-10 dx_old0=-3.190398778496473e-09 dx_old1=-1.089270301735112e-08
x2 = 1.000000013503133e+00 (dx=-9.344461315841102e-10 dx_old0=-3.190398778496473e-09 dx_old1=-1.089270301735112e-08
linear converge rate_dx and fixed-point distance of chord newton:
rate_dx0 = 2.928932075458238e-01, rate_dx_avg = 2.500597979004232e-01, dist_estimate= 3.870602399512285e-10, dist_estimate_avg = 3.115813903009411e-10, dist_exact = 3.870602727218397e-10
rate_dx1 = 2.928932075458238e-01, rate_dx_avg = 2.500597979004232e-01, dist_estimate= 3.870602399512285e-10, dist_estimate_avg = 3.115813903009411e-10, dist_exact = 3.870602727218397e-10
rate_dx2 = 2.928932075458238e-01, rate_dx_avg = 2.500597979004232e-01, dist_estimate= 3.870602399512285e-10, dist_estimate_avg = 3.115813903009411e-10, dist_exact = 3.870602727218397e-10
rate_f0 = 2.928932075458238e-01
rate_f1 = 2.928932075458238e-01
rate_f2 = 2.928932075458238e-01
[converge predict iterative]   need 2 iter for f norm converge to 3.205484102297865e-01
[converge predict approximate] need 2 iter for f norm converge to 3.194571325335973e-01

------- iter 17 -------
x[0]=7.071067815736078e-01 f[0]=-1.094771828746843e-09
x[1]=7.071067815736078e-01 f[1]=-1.094771828746843e-09
x[2]=7.071067815736078e-01 f[2]=1.094771828746843e-09
iter=17 norm=1.093574614066730e+00 f[0]=-1.094771828746843e-09 f_old[0]=-3.737784526336441e-09 residue non-converged, df=2.643012697589597e-09, tol=1.001094771828747e-09
J = 
-2.0000000000e+00 0.0000000000e+00 -2.0000000000e+00 
-0.0000000000e+00 -2.0000000000e+00 -2.0000000000e+00 
-1.0000000000e+00 -1.0000000000e+00 -4.0000000000e+00 
|J|_max = 6.000000000000000e+00
J^-1 = 
-7.5000000000e-01 -2.5000000000e-01 5.0000000000e-01 
-2.5000000000e-01 -7.5000000000e-01 5.0000000000e-01 
2.5000000000e-01 2.5000000000e-01 -5.0000000000e-01 
|J^-1|_max = 1.500000000000000e+00
x[0] new=7.071067812999149e-01 old=7.071067815736078e-01 dx=-2.736929571867108e-10 f=-1.094771828746843e-09
x[1] new=7.071067812999149e-01 old=7.071067815736078e-01 dx=-2.736929571867108e-10 f=-1.094771828746843e-09
x[2] new=7.071067812999149e-01 old=7.071067815736078e-01 dx=-2.736929571867108e-10 f=1.094771828746843e-09
[norm] |X|_max=2.736929571867108e-10 <= |F|_max=1.094771828746843e-09 * |J^-1|_norm=1.500000000000000e+00 = 1.642157743120265e-09 --> 1
[converge info] iter=17  dx_norm=9.713504874803477e-01 (id=0  ), f_norm=1.093574614066730e+00 (id=0  )
iter=17 nr_converge=0 delta_converge=1 f_converge=0
converge order of each variable:
x0 = 9.999999035104526e-01 (dx=-2.736929571867108e-10 dx_old0=-9.344461315841102e-10 dx_old1=-3.190398778496473e-09
x1 = 9.999999035104526e-01 (dx=-2.736929571867108e-10 dx_old0=-9.344461315841102e-10 dx_old1=-3.190398778496473e-09
x2 = 9.999999035104526e-01 (dx=-2.736929571867108e-10 dx_old0=-9.344461315841102e-10 dx_old1=-3.190398778496473e-09
linear converge rate_dx and fixed-point distance of chord newton:
rate_dx0 = 2.928932422490055e-01, rate_dx_avg = 2.527095033472236e-01, dist_estimate= 1.133673476210265e-10, dist_estimate_avg = 9.255411595635958e-11, dist_exact = 1.133673155351289e-10
rate_dx1 = 2.928932422490055e-01, rate_dx_avg = 2.527095033472236e-01, dist_estimate= 1.133673476210265e-10, dist_estimate_avg = 9.255411595635958e-11, dist_exact = 1.133673155351289e-10
rate_dx2 = 2.928932422490055e-01, rate_dx_avg = 2.527095033472236e-01, dist_estimate= 1.133673476210265e-10, dist_estimate_avg = 9.255411595635958e-11, dist_exact = 1.133673155351289e-10
rate_f0 = 2.928932422490055e-01
rate_f1 = 2.928932422490055e-01
rate_f2 = 2.928932422490055e-01
[converge predict iterative]   need 1 iter for f norm converge to 3.205484861652079e-01
[converge predict approximate] need 1 iter for f norm converge to 3.203006143552096e-01

------- iter 18 -------
x[0]=7.071067812999149e-01 f[0]=-3.206512833031638e-10
x[1]=7.071067812999149e-01 f[1]=-3.206512833031638e-10
x[2]=7.071067812999149e-01 f[2]=3.206512833031638e-10
[converge info] iter=18 both delta and f converge, skip load jacobian and matrix solve
[converge info] iter=18  dx_norm=9.713504874803477e-01 (id=0  ), f_norm=3.205484990155936e-01 (id=0  )

========== Newton Converge Success in 18 Iteration ==========
x[0]=7.071067812999149e-01  f=-3.206512833031638e-10
x[1]=7.071067812999149e-01  f=-3.206512833031638e-10
x[2]=7.071067812999149e-01  f=3.206512833031638e-10
[norm] dx_norm=9.713504874803477e-01 (id=0), f_norm=3.205484990155936e-01 (id=0)
* performance summary:
n_iter       = 18
n_mat_factor = 1
n_mat_solve  = 17
n_f_load     = 18
n_jac_load   = 1
