# lamda x_0 sp_0 s0_0 is_backtrace
0 -9.486832980509526e-01 0 0 0
4.411211119293598e-02 -9.251420911444168e-01 -9.253706953932661e-01 -9.251420911444168e-01 0
8.796859770803535e-02 -9.011278501366858e-01 -9.013690659981762e-01 -9.011278501366858e-01 0
1.315479037330647e-01 -8.766139950211473e-01 -8.768689380620588e-01 -8.766139950211473e-01 0
1.748257912197568e-01 -8.515716110699348e-01 -8.518415031291683e-01 -8.515716110699348e-01 0
2.177749013052958e-01 -8.259691874971521e-01 -8.262553891965017e-01 -8.259691874971521e-01 0
2.603642276340353e-01 -7.997723253313823e-01 -8.000763527927480e-01 -7.997723253313823e-01 0
3.025584811298122e-01 -7.729434124631571e-01 -7.732669551857367e-01 -7.729434124631571e-01 0
3.443173204062285e-01 -7.454412650194344e-01 -7.457862043293803e-01 -7.454412650194344e-01 0
3.855944153609320e-01 -7.172207363420777e-01 -7.175891632983722e-01 -7.172207363420777e-01 0
4.263363032139075e-01 -6.882322985635723e-01 -6.886265293450813e-01 -6.882322985635723e-01 0
4.664809860774901e-01 -6.584216080312960e-01 -6.588441934509253e-01 -6.584216080312960e-01 0
5.059562070016416e-01 -6.277290761135483e-01 -6.281827997125639e-01 -6.277290761135483e-01 0
5.446773276437911e-01 -5.960894835141980e-01 -5.965773392372669e-01 -5.960894835141980e-01 0
5.825447164978141e-01 -5.634317026066297e-01 -5.639568376880086e-01 -5.634317026066297e-01 0
6.194405450780121e-01 -5.296786336279905e-01 -5.302442341080514e-01 -5.296786336279905e-01 0
6.552248873252299e-01 -4.947475241724884e-01 -4.953566082348196e-01 -4.947475241724884e-01 0
6.897310382784398e-01 -4.585509368888146e-01 -4.592060037694735e-01 -4.585509368888146e-01 0
7.227600371411813e-01 -4.209987682391527e-01 -4.217012274462274e-01 -4.209987682391527e-01 0
7.540745421074763e-01 -3.820019082316296e-01 -3.827511879341746e-01 -3.820019082316296e-01 0
7.833925322735465e-01 -3.414783561611959e-01 -3.422705717216233e-01 -3.414783561611959e-01 0
8.103819071336537e-01 -2.993628114286336e-01 -3.001888938158017e-01 -2.993628114286336e-01 0
8.346580176477069e-01 -2.556207784050414e-01 -2.564640777292210e-01 -2.556207784050414e-01 0
8.557874856307321e-01 -2.102677207023304e-01 -2.111014097029565e-01 -2.102677207023304e-01 0
8.733029747693343e-01 -1.633922434839478e-01 -1.641774406283562e-01 -1.633922434839478e-01 0
8.867337489783285e-01 -1.151792126283733e-01 -1.158655385638285e-01 -1.151792126283733e-01 0
8.956539500601339e-01 -6.592457766167391e-02 -6.645527405831651e-02 -6.592457766167391e-02 0
8.997430075612676e-01 -1.603098371069801e-02 -1.635359787885855e-02 -1.603098371069801e-02 0
8.988423957053628e-01 3.402358438843826e-02 3.394333679826313e-02 3.402358438843826e-02 0
8.929874783195643e-01 8.374080057197782e-02 8.390822442969773e-02 8.374080057197782e-02 1
8.824002531425700e-01 1.326640375438293e-01 1.330539644232232e-01 1.326640375438293e-01 1
8.674463201903171e-01 1.804263833525710e-01 1.809918518823823e-01 1.804263833525710e-01 1
8.485743825726839e-01 2.267721707514778e-01 2.274579562593184e-01 2.267721707514778e-01 1
8.262588015868561e-01 2.715533067616500e-01 2.723076468216581e-01 2.715533067616500e-01 1
8.009574635318557e-01 3.147102420770655e-01 3.154913739129078e-01 3.147102420770655e-01 1
7.730873374311492e-01 3.562480351790306e-01 3.570258645699742e-01 3.562480351790306e-01 1
7.430142407032554e-01 3.962142845693626e-01 3.969691385277535e-01 3.962142845693626e-01 1
7.110517764140079e-01 4.346817497733846e-01 4.354020312880922e-01 4.346817497733846e-01 1
6.774651842225556e-01 4.717359598096090e-01 4.724157854877370e-01 4.717359598096090e-01 1
6.424772500521733e-01 5.074669939492271e-01 5.081042603133528e-01 5.074669939492271e-01 1
6.062746336953578e-01 5.419643588878067e-01 5.425593208610930e-01 5.419643588878067e-01 1
5.690137971936109e-01 5.753140036592288e-01 5.758682962807813e-01 5.753140036592288e-01 1
5.308262028680432e-01 6.075967389082771e-01 6.081127342474916e-01 6.075967389082771e-01 1
4.918227074907659e-01 6.388875429285237e-01 6.393679426564362e-01 6.388875429285237e-01 1
4.520972007145097e-01 6.692554066165616e-01 6.697029929874930e-01 6.692554066165616e-01 1
4.117295833871306e-01 6.987634911848758e-01 6.991809812978768e-01 6.987634911848758e-01 1
3.707881916071021e-01 7.274694552989168e-01 7.278594211203796e-01 7.274694552989168e-01 1
3.293317656695104e-01 7.554258628948928e-01 7.557906922524730e-01 7.554258628948928e-01 1
2.874110499742332e-01 7.826806181487884e-01 7.830225006404031e-01 7.826806181487884e-01 1
2.450700956526735e-01 8.092773964144362e-01 8.095983239882970e-01 8.092773964144362e-01 1
2.023473243798741e-01 8.352560539260566e-01 8.355578296827385e-01 8.352560539260566e-01 1
1.592764003920135e-01 8.606530076680078e-01 8.609372588823379e-01 8.606530076680078e-01 1
1.158869482562325e-01 8.855015820108785e-01 8.857697749343268e-01 8.855015820108785e-01 1
7.220514627701119e-02 9.098323217620868e-01 9.100857767566722e-01 9.098323217620868e-01 1
2.825421930623506e-02 9.336732729888789e-01 9.339131791658472e-01 9.336732729888789e-01 1
-1.594515012333931e-02 9.570502338557469e-01 9.572776627791847e-01 9.570502338557469e-01 1
