
------- iter 1 -------
x[0]=2.000000000000000e+00 f[0]=3.000000000000000e+00
x[1]=1.000000000000000e+00 f[1]=9.000000000000000e+00
iter=1 norm=9.999998888889012e+02 f[1]=9.000000000000000e+00 f_old[1]=0.000000000000000e+00 residue non-converged, df=9.000000000000000e+00, tol=9.000001000000001e-03
J = 
4.0000000000e+00 -2.0000000000e+00 
1.2000000000e+01 -6.0000000000e+00 
|J|_max = 1.799999999999900e+01
J^-1 = 
3.0023997516e+12 -1.0007999172e+12 
6.0047995032e+12 -2.0015998344e+12 
|J^-1|_max = 8.006399337548049e+12
x[0] new=3.500666666666292e+00 old=2.000000000000000e+00 dx=1.500666666666292e+00 f=3.000000000000000e+00
x[1] new=5.501333333333333e+00 old=1.000000000000000e+00 dx=4.501333333333333e+00 f=9.000000000000000e+00
[norm] |X|_max=4.501333333333333e+00 <= |F|_max=9.000000000000000e+00 * |J^-1|_norm=8.006399337548049e+12 = 7.205759403793244e+13 --> 1
iter=1 norm=4.496836496836497e+03 x[1]=1.000000000000000e+00 x_new[1]=5.501333333333333e+00 delta non-converged, dx=4.501333333333333e+00, tol=1.000001000000000e-03
[converge info] iter=1   dx_norm=4.496836496836497e+03 (id=1  ), f_norm=9.999998888889012e+02 (id=1  )
iter=1 nr_converge=0 delta_converge=0 f_converge=0

------- iter 2 -------
x[0]=3.500666666666292e+00 f[0]=-1.801000133333596e+01
x[1]=5.501333333333333e+00 f[1]=-5.403000400000786e+01
iter=2 norm=9.999999814917654e+02 f[1]=-5.403000400000786e+01 f_old[1]=9.000000000000000e+00 residue non-converged, df=-6.303000400000786e+01, tol=5.403000500000786e-02
J = 
7.0013333333e+00 -1.1002666667e+01 
2.1004000000e+01 -3.3008000000e+01 
|J|_max = 5.401199999999675e+01
J^-1 = 
1.2710942348e+12 -4.2369807827e+11 
8.0883613997e+11 -2.6961204666e+11 
|J^-1|_max = 1.694792313098201e+12
x[0] new=2.808086133566264e+00 old=3.500666666666292e+00 dx=-6.925805331000280e-01 f=-1.801000133333596e+01
x[1] new=3.423747126436782e+00 old=5.501333333333333e+00 dx=-2.077586206896552e+00 f=-5.403000400000786e+01
[norm] |X|_max=2.077586206896552e+00 <= |F|_max=5.403000400000786e+01 * |J^-1|_norm=1.694792313098201e+12 = 9.156963545587838e+13 --> 1
iter=2 norm=3.775827600829742e+02 x[1]=5.501333333333333e+00 x_new[1]=3.423747126436782e+00 delta non-converged, dx=-2.077586206896552e+00, tol=5.501334333333333e-03
[converge info] iter=2   dx_norm=3.775827600829742e+02 (id=1  ), f_norm=9.999999814917654e+02 (id=1  )
iter=2 nr_converge=0 delta_converge=0 f_converge=0

------- iter 3 -------
x[0]=2.808086133566264e+00 f[0]=-3.836696652256991e+00
x[1]=3.423747126436782e+00 f[1]=-1.151008995677097e+01
iter=3 norm=9.999999131197135e+02 f[1]=-1.151008995677097e+01 f_old[1]=-5.403000400000786e+01 residue non-converged, df=4.251991404323689e+01, tol=1.151009095677097e-02
J = 
5.6161722671e+00 -6.8474942529e+00 
1.6848516801e+01 -2.0542482759e+01 
|J|_max = 3.739099956001728e+01
J^-1 = 
1.3768793314e+12 -4.5895977712e+11 
1.1292877702e+12 -3.7642925672e+11 
|J^-1|_max = 1.835839108477946e+12
x[0] new=2.553262231024609e+00 old=2.808086133566264e+00 dx=-2.548239025416541e-01 f=-3.836696652256991e+00
x[1] new=2.654439202665468e+00 old=3.423747126436782e+00 dx=-7.693079237713140e-01 f=-1.151008995677097e+01
[norm] |X|_max=7.693079237713140e-01 <= |F|_max=1.151008995677097e+01 * |J^-1|_norm=1.835839108477946e+12 = 2.113067328473938e+13 --> 1
iter=3 norm=2.246320371605734e+02 x[1]=3.423747126436782e+00 x_new[1]=2.654439202665468e+00 delta non-converged, dx=-7.693079237713140e-01, tol=3.423748126436782e-03
[converge info] iter=3   dx_norm=2.246320371605734e+02 (id=1  ), f_norm=9.999999131197135e+02 (id=1  )
iter=3 nr_converge=0 delta_converge=0 f_converge=0
converge order of each variable:
x0 = 1.293067517226435e+00 (dx=-2.548239025416541e-01 dx_old0=-6.925805331000280e-01 dx_old1=1.500666666666292e+00
x1 = 1.284936929193112e+00 (dx=-7.693079237713140e-01 dx_old0=-2.077586206896552e+00 dx_old1=4.501333333333333e+00

------- iter 4 -------
x[0]=2.553262231024609e+00 f[0]=-5.268994602705170e-01
x[1]=2.654439202665468e+00 f[1]=-1.580698380811551e+00
iter=4 norm=9.999993673686395e+02 f[1]=-1.580698380811551e+00 f_old[1]=-1.151008995677097e+01 residue non-converged, df=9.929391575959418e+00, tol=1.580699380811551e-03
J = 
5.1065244621e+00 -5.3088784053e+00 
1.5319573386e+01 -1.5926635216e+01 
|J|_max = 3.124620860213946e+01
J^-1 = 
1.4704967776e+12 -4.9016559254e+11 
1.4144471191e+12 -4.7148237305e+11 
|J^-1|_max = 1.960662370173415e+12
x[0] new=2.504613967437133e+00 old=2.553262231024609e+00 dx=-4.864826358747647e-02 f=-5.268994602705170e-01
x[1] new=2.508396489097628e+00 old=2.654439202665468e+00 dx=-1.460427135678392e-01 f=-1.580698380811551e+00
[norm] |X|_max=1.460427135678392e-01 <= |F|_max=1.580698380811551e+00 * |J^-1|_norm=1.960662370173415e+12 = 3.099215833851255e+12 --> 1
iter=4 norm=5.499757381801283e+01 x[1]=2.654439202665468e+00 x_new[1]=2.508396489097628e+00 delta non-converged, dx=-1.460427135678392e-01, tol=2.654440202665467e-03
[converge info] iter=4   dx_norm=5.499757381801283e+01 (id=1  ), f_norm=9.999993673686395e+02 (id=1  )
iter=4 nr_converge=0 delta_converge=0 f_converge=0
converge order of each variable:
x0 = 1.656202067619896e+00 (dx=-4.864826358747647e-02 dx_old0=-2.548239025416541e-01 dx_old1=-6.925805331000280e-01
x1 = 1.672512490222444e+00 (dx=-1.460427135678392e-01 dx_old0=-7.693079237713140e-01 dx_old1=-2.077586206896552e+00

------- iter 5 -------
x[0]=2.504613967437133e+00 f[0]=-1.896182063613239e-02
x[1]=2.508396489097628e+00 f[1]=-5.688546190839716e-02
iter=5 norm=9.999824211250541e+02 f[1]=-5.688546190839716e-02 f_old[1]=-1.580698380811551e+00 residue non-converged, df=1.523812918903154e+00, tol=5.688646190839716e-05
J = 
5.0092279349e+00 -5.0167929782e+00 
1.5027683805e+01 -1.5050378935e+01 
|J|_max = 3.007806273920757e+01
J^-1 = 
1.4994684375e+12 -4.9982281250e+11 
1.4972073229e+12 -4.9906910764e+11 
|J^-1|_max = 1.999291249996058e+12
x[0] new=2.502723607436017e+00 old=2.504613967437133e+00 dx=-1.890360001116415e-03 f=-1.896182063613239e-02
x[1] new=2.502729309908799e+00 old=2.508396489097628e+00 dx=-5.667179188829787e-03 f=-5.688546190839716e-02
[norm] |X|_max=5.667179188829787e-03 <= |F|_max=5.688546190839716e-02 * |J^-1|_norm=1.999291249996058e+12 = 1.137306062454425e+11 --> 1
iter=5 norm=2.258383325812210e+00 x[1]=2.508396489097628e+00 x_new[1]=2.502729309908799e+00 delta non-converged, dx=-5.667179188829787e-03, tol=2.508397489097629e-03
[converge info] iter=5   dx_norm=2.258383325812210e+00 (id=1  ), f_norm=9.999824211250541e+02 (id=1  )
iter=5 nr_converge=0 delta_converge=0 f_converge=0
converge order of each variable:
x0 = 1.961312756798522e+00 (dx=-1.890360001116415e-03 dx_old0=-4.864826358747647e-02 dx_old1=-2.548239025416541e-01
x1 = 1.955478422709838e+00 (dx=-5.667179188829787e-03 dx_old0=-1.460427135678392e-01 dx_old1=-7.693079237713140e-01

------- iter 6 -------
x[0]=2.502723607436017e+00 f[0]=-2.854345902303379e-05
x[1]=2.502729309908799e+00 f[1]=-8.563037706821319e-05
iter=6 norm=9.884567049822190e+02 f[1]=-8.563037706821319e-05 f_old[1]=-5.688546190839716e-02 residue non-converged, df=5.679983153132895e-02, tol=8.663037706821318e-08
J = 
5.0054472149e+00 -5.0054586198e+00 
1.5016341645e+01 -1.5016375859e+01 
|J|_max = 3.003271750406789e+01
J^-1 = 
1.4992043571e+12 -4.9973478571e+11 
1.4992009412e+12 -4.9973364707e+11 
|J^-1|_max = 1.998939142855167e+12
x[0] new=2.503164613072606e+00 old=2.502723607436017e+00 dx=4.410056365895590e-04 f=-2.854345902303379e-05
x[1] new=2.503164612074271e+00 old=2.502729309908799e+00 dx=4.353021654720789e-04 f=-8.563037706821319e-05
[norm] |X|_max=4.410056365895590e-04 <= |F|_max=8.563037706821319e-05 * |J^-1|_norm=1.998939142855167e+12 = 1.711699125390988e+08 --> 1
[converge info] iter=6   dx_norm=1.761399042928619e-01 (id=0  ), f_norm=9.884567049822190e+02 (id=1  )
iter=6 nr_converge=0 delta_converge=1 f_converge=0
converge order of each variable:
x0 = 4.481319750000067e-01 (dx=4.410056365895590e-04 dx_old0=-1.890360001116415e-03 dx_old1=-4.864826358747647e-02
x1 = 7.898560620130063e-01 (dx=4.353021654720789e-04 dx_old0=-5.667179188829787e-03 dx_old1=-1.460427135678392e-01

------- iter 7 -------
x[0]=2.503164613072606e+00 f[0]=4.997997571365431e-09
x[1]=2.503164612074271e+00 f[1]=1.499399004956103e-08
iter=7 norm=1.477249145960844e+01 f[1]=1.499399004956103e-08 f_old[1]=-8.563037706821319e-05 residue non-converged, df=8.564537105826275e-05, tol=1.014993990049561e-09
J = 
5.0063292261e+00 -5.0063292241e+00 
1.5018987678e+01 -1.5018987672e+01 
|J|_max = 3.003797535088027e+01
J^-1 = 
1.4992009406e+12 -4.9973364687e+11 
1.4992009412e+12 -4.9973364707e+11 
|J^-1|_max = 1.998934588269295e+12
x[0] new=2.501833055648845e+00 old=2.503164613072606e+00 dx=-1.331557423761373e-03 f=4.997997571365431e-09
x[1] new=2.501833055648314e+00 old=2.503164612074271e+00 dx=-1.331556425956927e-03 f=1.499399004956103e-08
[norm] |X|_max=1.331557423761373e-03 <= |F|_max=1.499399004956103e-08 * |J^-1|_norm=1.998934588269295e+12 = 2.997200532623319e+04 --> 1
[converge info] iter=7   dx_norm=1.761399042928619e-01 (id=0  ), f_norm=1.477249145960844e+01 (id=1  )
iter=7 nr_converge=0 delta_converge=1 f_converge=0
converge order of each variable:
x0 = 7.592397914533981e-01 (dx=-1.331557423761373e-03 dx_old0=4.410056365895590e-04 dx_old1=-1.890360001116415e-03
x1 = 4.356532853583475e-01 (dx=-1.331556425956927e-03 dx_old0=4.353021654720789e-04 dx_old1=-5.667179188829787e-03

------- iter 8 -------
x[0]=2.501833055648845e+00 f[0]=2.657429831742775e-12
x[1]=2.501833055648314e+00 f[1]=7.972289495228324e-12
[converge info] iter=8 both delta and f converge, skip load jacobian and matrix solve
[converge info] iter=8   dx_norm=1.761399042928619e-01 (id=0  ), f_norm=7.972225938335221e-03 (id=1  )

========== Newton Converge Success in 8 Iteration ==========
x[0]=2.501833055648845e+00  f=2.657429831742775e-12
x[1]=2.501833055648314e+00  f=7.972289495228324e-12
[norm] dx_norm=1.761399042928619e-01 (id=0), f_norm=7.972225938335221e-03 (id=1)
* performance summary:
n_iter       = 8
n_mat_factor = 7
n_mat_solve  = 7
n_f_load     = 8
n_jac_load   = 7
