
------- iter 1 -------
x[0]=1.000000000000000e+00 f[0]=-1.000000000000000e+00
x[1]=1.000000000000000e+00 f[1]=-1.000000000000000e+00
x[2]=1.000000000000000e+00 f[2]=1.000000000000000e+00
iter=1 norm=9.999990000010001e+02 f[0]=-1.000000000000000e+00 f_old[0]=0.000000000000000e+00 residue non-converged, df=-1.000000000000000e+00, tol=1.000001000000000e-03
J = 
-2.0000000000e+00 0.0000000000e+00 -2.0000000000e+00 
0.0000000000e+00 -2.0000000000e+00 -2.0000000000e+00 
2.0000000000e+00 2.0000000000e+00 0.0000000000e+00 
|J|_max = 4.000000000000000e+00
J^-1 = 
-2.5000000000e-01 2.5000000000e-01 2.5000000000e-01 
2.5000000000e-01 -2.5000000000e-01 2.5000000000e-01 
-2.5000000000e-01 -2.5000000000e-01 -2.5000000000e-01 
|J^-1|_max = 7.500000000000000e-01
x[0] new=7.500000000000000e-01 old=1.000000000000000e+00 dx=-2.500000000000000e-01 f=-1.000000000000000e+00
x[1] new=7.500000000000000e-01 old=1.000000000000000e+00 dx=-2.500000000000000e-01 f=-1.000000000000000e+00
x[2] new=7.500000000000000e-01 old=1.000000000000000e+00 dx=-2.500000000000000e-01 f=1.000000000000000e+00
[norm] |X|_max=2.500000000000000e-01 <= |F|_max=1.000000000000000e+00 * |J^-1|_norm=7.500000000000000e-01 = 7.500000000000000e-01 --> 1
iter=1 norm=2.497502497502498e+02 x[0]=1.000000000000000e+00 x_new[0]=7.500000000000000e-01 delta non-converged, dx=-2.500000000000000e-01, tol=1.000001000000000e-03
[converge info] iter=1   dx_norm=2.497502497502498e+02 (id=0  ), f_norm=9.999990000010001e+02 (id=0  )
iter=1 nr_converge=0 delta_converge=0 f_converge=0

------- iter 2 -------
x[0]=7.500000000000000e-01 f[0]=-1.250000000000000e-01
x[1]=7.500000000000000e-01 f[1]=-1.250000000000000e-01
x[2]=7.500000000000000e-01 f[2]=1.250000000000000e-01
iter=2 norm=9.999920000639995e+02 f[0]=-1.250000000000000e-01 f_old[0]=-1.000000000000000e+00 residue non-converged, df=8.750000000000000e-01, tol=1.250010000000000e-04
J = 
-1.8333333333e+00 1.6666666667e-01 -1.8333333333e+00 
1.6666666667e-01 -1.8333333333e+00 -1.8333333333e+00 
1.8333333333e+00 1.8333333333e+00 -1.6666666667e-01 
|J|_max = 3.833333333333333e+00
J^-1 = 
-2.6190476190e-01 2.3809523810e-01 2.6190476190e-01 
2.3809523810e-01 -2.6190476190e-01 2.6190476190e-01 
-2.6190476190e-01 -2.6190476190e-01 -2.3809523810e-01 
|J^-1|_max = 7.619047619047621e-01
x[0] new=7.142857142857143e-01 old=7.500000000000000e-01 dx=-3.571428571428573e-02 f=-1.250000000000000e-01
x[1] new=7.142857142857143e-01 old=7.500000000000000e-01 dx=-3.571428571428571e-02 f=-1.250000000000000e-01
x[2] new=7.142857142857143e-01 old=7.500000000000000e-01 dx=-3.571428571428571e-02 f=1.250000000000000e-01
[norm] |X|_max=3.571428571428573e-02 <= |F|_max=1.250000000000000e-01 * |J^-1|_norm=7.619047619047621e-01 = 9.523809523809526e-02 --> 1
iter=2 norm=4.755564009891575e+01 x[0]=7.500000000000000e-01 x_new[0]=7.142857142857143e-01 delta non-converged, dx=-3.571428571428573e-02, tol=7.500010000000000e-04
[converge info] iter=2   dx_norm=4.755564009891575e+01 (id=0  ), f_norm=9.999920000639995e+02 (id=0  )
iter=2 nr_converge=0 delta_converge=0 f_converge=0

------- iter 3 -------
x[0]=7.142857142857143e-01 f[0]=-2.040816326530615e-02
x[1]=7.142857142857143e-01 f[1]=-2.040816326530615e-02
x[2]=7.142857142857143e-01 f[2]=2.040816326530615e-02
iter=3 norm=9.999510024008823e+02 f[0]=-2.040816326530615e-02 f_old[0]=-1.250000000000000e-01 residue non-converged, df=1.045918367346939e-01, tol=2.040916326530615e-05
J = 
-1.6428571429e+00 3.5714285714e-01 -1.6428571429e+00 
3.5714285714e-01 -1.6428571429e+00 -1.6428571429e+00 
1.6428571429e+00 1.6428571429e+00 -3.5714285714e-01 
|J|_max = 3.642857142857143e+00
J^-1 = 
-2.8048780488e-01 2.1951219512e-01 2.8048780488e-01 
2.1951219512e-01 -2.8048780488e-01 2.8048780488e-01 
-2.8048780488e-01 -2.8048780488e-01 -2.1951219512e-01 
|J^-1|_max = 7.804878048780489e-01
x[0] new=7.073170731707317e-01 old=7.142857142857143e-01 dx=-6.968641114982590e-03 f=-2.040816326530615e-02
x[1] new=7.073170731707317e-01 old=7.142857142857143e-01 dx=-6.968641114982586e-03 f=-2.040816326530615e-02
x[2] new=7.073170731707317e-01 old=7.142857142857143e-01 dx=-6.968641114982586e-03 f=2.040816326530615e-02
[norm] |X|_max=6.968641114982590e-03 <= |F|_max=2.040816326530615e-02 * |J^-1|_norm=7.804878048780489e-01 = 1.592832254853163e-02 --> 1
iter=3 norm=9.742458119608173e+00 x[0]=7.142857142857143e-01 x_new[0]=7.073170731707317e-01 delta non-converged, dx=-6.968641114982590e-03, tol=7.142867142857143e-04
[converge info] iter=3   dx_norm=9.742458119608173e+00 (id=0  ), f_norm=9.999510024008823e+02 (id=0  )
iter=3 nr_converge=0 delta_converge=0 f_converge=0
converge order of each variable:
x0 = 8.397769680258860e-01 (dx=-6.968641114982590e-03 dx_old0=-3.571428571428573e-02 dx_old1=-2.500000000000000e-01
x1 = 8.397769680258858e-01 (dx=-6.968641114982586e-03 dx_old0=-3.571428571428571e-02 dx_old1=-2.500000000000000e-01
x2 = 8.397769680258858e-01 (dx=-6.968641114982586e-03 dx_old0=-3.571428571428571e-02 dx_old1=-2.500000000000000e-01

------- iter 4 -------
x[0]=7.073170731707317e-01 f[0]=-5.948839976204212e-04
x[1]=7.073170731707317e-01 f[1]=-5.948839976204212e-04
x[2]=7.073170731707317e-01 f[2]=5.948839976204212e-04
iter=4 norm=9.983218210188672e+02 f[0]=-5.948839976204212e-04 f_old[0]=-2.040816326530615e-02 residue non-converged, df=1.981327926768572e-02, tol=5.958839976204212e-07
J = 
-1.6144018583e+00 3.8559814170e-01 -1.6144018583e+00 
3.8559814170e-01 -1.6144018583e+00 -1.6144018583e+00 
1.6144018583e+00 1.6144018583e+00 -3.8559814170e-01 
|J|_max = 3.614401858304300e+00
J^-1 = 
-2.8390522876e-01 2.1609477124e-01 2.8390522876e-01 
2.1609477124e-01 -2.8390522876e-01 2.8390522876e-01 
-2.8390522876e-01 -2.8390522876e-01 -2.1609477124e-01 
|J^-1|_max = 7.839052287581698e-01
x[0] new=7.071078431372548e-01 old=7.073170731707317e-01 dx=-2.092300334767899e-04 f=-5.948839976204212e-04
x[1] new=7.071078431372548e-01 old=7.073170731707317e-01 dx=-2.092300334767899e-04 f=-5.948839976204212e-04
x[2] new=7.071078431372548e-01 old=7.073170731707317e-01 dx=-2.092300334767899e-04 f=5.948839976204212e-04
[norm] |X|_max=2.092300334767899e-04 <= |F|_max=5.948839976204212e-04 * |J^-1|_norm=7.839052287581698e-01 = 4.663326762392109e-04 --> 1
[converge info] iter=4   dx_norm=2.953903575134598e-01 (id=0  ), f_norm=9.983218210188672e+02 (id=0  )
iter=4 nr_converge=0 delta_converge=1 f_converge=0
converge order of each variable:
x0 = 2.145325103305933e+00 (dx=-2.092300334767899e-04 dx_old0=-6.968641114982590e-03 dx_old1=-3.571428571428573e-02
x1 = 2.145325103305933e+00 (dx=-2.092300334767899e-04 dx_old0=-6.968641114982586e-03 dx_old1=-3.571428571428571e-02
x2 = 2.145325103305933e+00 (dx=-2.092300334767899e-04 dx_old0=-6.968641114982586e-03 dx_old1=-3.571428571428571e-02

------- iter 5 -------
x[0]=7.071078431372548e-01 f[0]=-3.003652441213589e-06
x[1]=7.071078431372548e-01 f[1]=-3.003652441213589e-06
x[2]=7.071078431372548e-01 f[2]=3.003652441213589e-06
iter=5 norm=7.502280693234002e+02 f[0]=-3.003652441213589e-06 f_old[0]=-5.948839976204212e-04 residue non-converged, df=5.918803451792076e-04, tol=4.003652441213589e-09
J = 
-1.6096166109e+00 3.9038338913e-01 -1.6096166109e+00 
3.9038338913e-01 -1.6096166109e+00 -1.6096166109e+00 
1.6096166109e+00 1.6096166109e+00 -3.9038338913e-01 
|J|_max = 3.609616610872240e+00
J^-1 = 
-2.8450018667e-01 2.1549981333e-01 2.8450018667e-01 
2.1549981333e-01 -2.8450018667e-01 2.8450018667e-01 
-2.8450018667e-01 -2.8450018667e-01 -2.1549981333e-01 
|J^-1|_max = 7.845001866683263e-01
x[0] new=7.071067813444348e-01 old=7.071078431372548e-01 dx=-1.061792820029325e-06 f=-3.003652441213589e-06
x[1] new=7.071067813444348e-01 old=7.071078431372548e-01 dx=-1.061792820029325e-06 f=-3.003652441213589e-06
x[2] new=7.071067813444348e-01 old=7.071078431372548e-01 dx=-1.061792820029325e-06 f=3.003652441213589e-06
[norm] |X|_max=1.061792820029325e-06 <= |F|_max=3.003652441213589e-06 * |J^-1|_norm=7.845001866683263e-01 = 2.356365900818835e-06 --> 1
[converge info] iter=5   dx_norm=2.953903575134598e-01 (id=0  ), f_norm=7.502280693234002e+02 (id=0  )
iter=5 nr_converge=0 delta_converge=1 f_converge=0
converge order of each variable:
x0 = 1.507092254812022e+00 (dx=-1.061792820029325e-06 dx_old0=-2.092300334767899e-04 dx_old1=-6.968641114982590e-03
x1 = 1.507092254812022e+00 (dx=-1.061792820029325e-06 dx_old0=-2.092300334767899e-04 dx_old1=-6.968641114982586e-03
x2 = 1.507092254812022e+00 (dx=-1.061792820029325e-06 dx_old0=-2.092300334767899e-04 dx_old1=-6.968641114982586e-03

------- iter 6 -------
x[0]=7.071067813444348e-01 f[0]=-4.465727787561491e-10
x[1]=7.071067813444348e-01 f[1]=-4.465727787561491e-10
x[2]=7.071067813444348e-01 f[2]=4.465727787561491e-10
[converge info] iter=6 both delta and f converge, skip load jacobian and matrix solve
[converge info] iter=6   dx_norm=2.953903575134598e-01 (id=0  ), f_norm=4.463734405284494e-01 (id=0  )

========== Newton Converge Success in 6 Iteration ==========
x[0]=7.071067813444348e-01  f=-4.465727787561491e-10
x[1]=7.071067813444348e-01  f=-4.465727787561491e-10
x[2]=7.071067813444348e-01  f=4.465727787561491e-10
[norm] dx_norm=2.953903575134598e-01 (id=0), f_norm=4.463734405284494e-01 (id=0)
* performance summary:
n_iter       = 6
n_mat_factor = 5
n_mat_solve  = 5
n_f_load     = 6
n_jac_load   = 1
