# lamda x_0 x_1 sp_0 sp_1 s0_0 s0_1 is_backtrace
0 6.729647667242242e-01 6.729647667242242e-01 0 0 0 0 0
4.635403310827985e-02 6.597097815344419e-01 6.597097815344419e-01 6.599020811947928e-01 6.599020811947928e-01 6.597097815344419e-01 6.597097815344419e-01 0
9.247385448203981e-02 6.460521512664650e-01 6.460521512664650e-01 6.462585830033984e-01 6.462585830033984e-01 6.460521512664650e-01 6.460521512664650e-01 0
1.383326556179974e-01 6.319616040223970e-01 6.319616040223970e-01 6.321837876799411e-01 6.321837876799411e-01 6.319616040223970e-01 6.319616040223970e-01 0
1.838991963040000e-01 6.174043388695025e-01 6.174043388695025e-01 6.176441383627269e-01 6.176441383627269e-01 6.174043388695025e-01 6.174043388695025e-01 0
2.291368478968414e-01 6.023424952838454e-01 6.023424952838454e-01 6.026020591011731e-01 6.026020591011731e-01 6.023424952838454e-01 6.023424952838454e-01 0
2.740023838033858e-01 5.867335350470819e-01 5.867335350470819e-01 5.870153440186212e-01 5.870153440186212e-01 5.867335350470819e-01 5.867335350470819e-01 0
3.184444396975204e-01 5.705295261175181e-01 5.705295261175181e-01 5.708364470715535e-01 5.708364470715535e-01 5.705295261175181e-01 5.705295261175181e-01 0
3.624015401816281e-01 5.536763212818883e-01 5.536763212818883e-01 5.540116648216599e-01 5.540116648216599e-01 5.536763212818883e-01 5.536763212818883e-01 0
4.057995544370305e-01 5.361126325927457e-01 5.361126325927457e-01 5.364802104923930e-01 5.364802104923930e-01 5.361126325927457e-01 5.361126325927457e-01 0
4.485483993338648e-01 5.177690199393821e-01 5.177690199393821e-01 5.181731925334628e-01 5.181731925334628e-01 5.177690199393821e-01 5.177690199393821e-01 0
4.905377543272136e-01 4.985668460470425e-01 4.985668460470425e-01 4.990125406339905e-01 4.990125406339905e-01 4.985668460470425e-01 4.985668460470425e-01 0
5.316314924741739e-01 4.784173136143195e-01 4.784173136143195e-01 4.789099782296098e-01 4.789099782296098e-01 4.784173136143195e-01 4.784173136143195e-01 0
5.716604814289747e-01 4.572208146216827e-01 4.572208146216827e-01 4.577662426974883e-01 4.577662426974883e-01 4.572208146216827e-01 4.572208146216827e-01 0
6.104134082820565e-01 4.348670206723370e-01 4.348670206723370e-01 4.354709343091221e-01 4.354709343091221e-01 4.348670206723370e-01 4.348670206723370e-01 0
6.476254278278319e-01 4.112364729944508e-01 4.112364729944508e-01 4.119036791371890e-01 4.119036791371890e-01 4.112364729944508e-01 4.112364729944508e-01 0
6.829649246096325e-01 3.862049372345218e-01 3.862049372345218e-01 3.869377744187281e-01 3.869377744187281e-01 3.862049372345218e-01 3.862049372345218e-01 0
7.160198829439260e-01 3.596524589685959e-01 3.596524589685959e-01 3.604481713673151e-01 3.604481713673151e-01 3.596524589685959e-01 3.596524589685959e-01 0
7.462878209724436e-01 3.314796580249097e-01 3.314796580249097e-01 3.323264059914703e-01 3.323264059914703e-01 3.314796580249097e-01 3.314796580249097e-01 0
7.731773794219401e-01 3.016335513595428e-01 3.016335513595428e-01 3.025053198032603e-01 3.025053198032603e-01 3.016335513595428e-01 3.016335513595428e-01 0
7.960345689465631e-01 2.701424276697577e-01 2.701424276697577e-01 2.709946023666457e-01 2.709946023666457e-01 2.701424276697577e-01 2.701424276697577e-01 0
8.142078328595632e-01 2.371520790957326e-01 2.371520790957326e-01 2.379218917995612e-01 2.379218917995612e-01 2.371520790957326e-01 2.371520790957326e-01 0
8.271544580948604e-01 2.029453002699818e-01 2.029453002699818e-01 2.035624916661336e-01 2.035624916661336e-01 2.029453002699818e-01 2.029453002699818e-01 0
8.345616703038701e-01 1.679226627655296e-01 1.679226627655296e-01 1.683309161584413e-01 1.683309161584413e-01 1.679226627655296e-01 1.679226627655296e-01 0
8.364272247528957e-01 1.325386250454633e-01 1.325386250454633e-01 1.327172598481359e-01 1.327172598481359e-01 1.325386250454633e-01 1.325386250454633e-01 0
8.330537026719627e-01 9.721783383154599e-02 9.721783383154599e-02 9.718809791026362e-02 9.718809791026362e-02 9.721783383154599e-02 9.721783383154599e-02 1
8.249627292413058e-01 6.229110702536825e-02 6.229110702536825e-02 6.210303960103418e-02 6.210303960103418e-02 6.229110702536825e-02 6.229110702536825e-02 1
8.127796906509837e-01 2.797240997856291e-02 2.797240997856291e-02 2.768400288137769e-02 2.768400288137769e-02 2.797240997856291e-02 2.797240997856291e-02 1
7.971377181812697e-01 -5.630008029169681e-03 -5.630008029169681e-03 -5.968181157593181e-03 -5.968181157593181e-03 -5.630008029169681e-03 -5.630008029169681e-03 1
7.786200426253179e-01 -3.848715912785253e-02 -3.848715912785253e-02 -3.883791978146944e-02 -3.883791978146944e-02 -3.848715912785253e-02 -3.848715912785253e-02 1
7.577359735962839e-01 -7.062223702025655e-02 -7.062223702025655e-02 -7.096131660387009e-02 -7.096131660387009e-02 -7.062223702025655e-02 -7.062223702025655e-02 1
7.349179667018724e-01 -1.020893553686166e-01 -1.020893553686166e-01 -1.024023708146564e-01 -1.024023708146564e-01 -1.020893553686166e-01 -1.020893553686166e-01 1
7.105290111084764e-01 -1.329590466914479e-01 -1.329590466914479e-01 -1.332382862237707e-01 -1.332382862237707e-01 -1.329590466914479e-01 -1.329590466914479e-01 1
6.848736751632646e-01 -1.633092475986853e-01 -1.633092475986853e-01 -1.635511341577722e-01 -1.635511341577722e-01 -1.633092475986853e-01 -1.633092475986853e-01 1
6.582094456804427e-01 -1.932201160314728e-01 -1.932201160314728e-01 -1.934234522830279e-01 -1.934234522830279e-01 -1.932201160314728e-01 -1.932201160314728e-01 1
6.307569785242566e-01 -2.227713187183228e-01 -2.227713187183228e-01 -2.229361564109633e-01 -2.229361564109633e-01 -2.227713187183228e-01 -2.227713187183228e-01 1
6.027088915015210e-01 -2.520408354787957e-01 -2.520408354787957e-01 -2.521677776708640e-01 -2.521677776708640e-01 -2.520408354787957e-01 -2.520408354787957e-01 1
5.742371846456970e-01 -2.811046642102749e-01 -2.811046642102749e-01 -2.811944468631262e-01 -2.811944468631262e-01 -2.811046642102749e-01 -2.811046642102749e-01 1
5.454995453440737e-01 -3.100370455703231e-01 -3.100370455703231e-01 -3.100902923551915e-01 -3.100902923551915e-01 -3.100370455703231e-01 -3.100370455703231e-01 1
5.166448399018433e-01 -3.389109759279668e-01 -3.389109759279668e-01 -3.389279520319474e-01 -3.389279520319474e-01 -3.389109759279668e-01 -3.389109759279668e-01 1
4.878180954311133e-01 -3.677988711061420e-01 -3.677988711061420e-01 -3.677798447067367e-01 -3.677798447067367e-01 -3.677988711061420e-01 -3.677988711061420e-01 1
4.591652533683156e-01 -3.967732845577587e-01 -3.967732845577587e-01 -3.967177638871549e-01 -3.967177638871549e-01 -3.967732845577587e-01 -3.967732845577587e-01 1
4.308379807237110e-01 -4.259076169689593e-01 -4.259076169689593e-01 -4.258147518261503e-01 -4.258147518261503e-01 -4.259076169689593e-01 -4.259076169689593e-01 1
4.029988145580377e-01 -4.552767231176063e-01 -4.552767231176063e-01 -4.551460967973420e-01 -4.551460967973420e-01 -4.552767231176063e-01 -4.552767231176063e-01 1
3.758269269480907e-01 -4.849573466372610e-01 -4.849573466372610e-01 -4.847874687348162e-01 -4.847874687348162e-01 -4.849573466372610e-01 -4.849573466372610e-01 1
3.495248302896090e-01 -5.150281658379706e-01 -5.150281658379706e-01 -5.148178369979031e-01 -5.148178369979031e-01 -5.150281658379706e-01 -5.150281658379706e-01 1
3.243263001999254e-01 -5.455692050305616e-01 -5.455692050305616e-01 -5.453175560954066e-01 -5.453175560954066e-01 -5.455692050305616e-01 -5.455692050305616e-01 1
3.005057343683789e-01 -5.766601369451100e-01 -5.766601369451100e-01 -5.763672276908671e-01 -5.763672276908671e-01 -5.766601369451100e-01 -5.766601369451100e-01 1
2.783888987154809e-01 -6.083767453110567e-01 -6.083767453110567e-01 -6.080445646104546e-01 -6.080445646104546e-01 -6.083767453110567e-01 -6.083767453110567e-01 1
2.583643829719905e-01 -6.407844433720631e-01 -6.407844433720631e-01 -6.404185096635238e-01 -6.404185096635238e-01 -6.407844433720631e-01 -6.407844433720631e-01 1
2.408937534009220e-01 -6.739273495991599e-01 -6.739273495991599e-01 -6.735391106256953e-01 -6.735391106256953e-01 -6.739273495991599e-01 -6.739273495991599e-01 1
2.265159274291983e-01 -7.078113028992777e-01 -7.078113028992777e-01 -7.074213501636504e-01 -7.074213501636504e-01 -7.078113028992777e-01 -7.078113028992777e-01 1
2.158375521290180e-01 -7.423801212032064e-01 -7.423801212032064e-01 -7.420216035176119e-01 -7.420216035176119e-01 -7.423801212032064e-01 -7.423801212032064e-01 1
2.094974171110289e-01 -7.774877230061283e-01 -7.774877230061283e-01 -7.772079787208321e-01 -7.772079787208321e-01 -7.774877230061283e-01 -7.774877230061283e-01 1
2.080938268303582e-01 -8.128755074149959e-01 -8.128755074149959e-01 -8.127321743343794e-01 -8.127321743343794e-01 -8.128755074149959e-01 -8.128755074149959e-01 1
2.120774141101262e-01 -8.481722027851906e-01 -8.481722027851906e-01 -8.482201329330198e-01 -8.482201329330198e-01 -8.481722027851906e-01 -8.481722027851906e-01 0
2.216404121651260e-01 -8.829327600555881e-01 -8.829327600555881e-01 -8.832036096289440e-01 -8.832036096289440e-01 -8.829327600555881e-01 -8.829327600555881e-01 0
2.366569096790058e-01 -9.167136491422080e-01 -9.167136491422080e-01 -9.171996492225962e-01 -9.171996492225962e-01 -9.167136491422080e-01 -9.167136491422080e-01 0
2.567125336398520e-01 -9.491536687265046e-01 -9.491536687265046e-01 -9.498088965081017e-01 -9.498088965081017e-01 -9.491536687265046e-01 -9.491536687265046e-01 0
2.812077264928922e-01 -9.800223690603056e-01 -9.800223690603056e-01 -9.807813569494702e-01 -9.807813569494702e-01 -9.800223690603056e-01 -9.800223690603056e-01 0
3.094789353337251e-01 -1.009222590169190e+00 -1.009222590169190e+00 -1.010022219393377e+00 -1.010022219393377e+00 -1.009222590169190e+00 -1.009222590169190e+00 0
3.408906138260725e-01 -1.036761802049419e+00 -1.036761802049419e+00 -1.037554277903430e+00 -1.037554277903430e+00 -1.036761802049419e+00 -1.036761802049419e+00 0
3.748840650801273e-01 -1.062714675862623e+00 -1.062714675862623e+00 -1.063470054399083e+00 -1.063470054399083e+00 -1.062714675862623e+00 -1.062714675862623e+00 0
4.109923450654013e-01 -1.087191166484137e+00 -1.087191166484137e+00 -1.087894052247901e+00 -1.087894052247901e+00 -1.087191166484137e+00 -1.087191166484137e+00 0
4.488360012979754e-01 -1.110314477302176e+00 -1.110314477302176e+00 -1.110959297216243e+00 -1.110959297216243e+00 -1.110314477302176e+00 -1.110314477302176e+00 0
4.881108865603666e-01 -1.132207858001520e+00 -1.132207858001520e+00 -1.132794859689722e+00 -1.132794859689722e+00 -1.132207858001520e+00 -1.132207858001520e+00 0
5.285743542334987e-01 -1.152987638348702e+00 -1.152987638348702e+00 -1.153520124757639e+00 -1.153520124757639e+00 -1.152987638348702e+00 -1.152987638348702e+00 0
5.700326471629673e-01 -1.172760136978596e+00 -1.172760136978596e+00 -1.173242761650387e+00 -1.173242761650387e+00 -1.172760136978596e+00 -1.172760136978596e+00 0
6.123303859161826e-01 -1.191620774735185e+00 -1.191620774735185e+00 -1.192058572939844e+00 -1.192058572939844e+00 -1.191620774735185e+00 -1.191620774735185e+00 0
6.553421929639015e-01 -1.209654343868960e+00 -1.209654343868960e+00 -1.210052222984474e+00 -1.210052222984474e+00 -1.209654343868960e+00 -1.209654343868960e+00 0
6.989661669335366e-01 -1.226935820431744e+00 -1.226935820431744e+00 -1.227298318828128e+00 -1.227298318828128e+00 -1.226935820431744e+00 -1.226935820431744e+00 0
7.431188494078005e-01 -1.243531380815080e+00 -1.243531380815080e+00 -1.243862576035490e+00 -1.243862576035490e+00 -1.243531380815080e+00 -1.243531380815080e+00 0
7.877313543003572e-01 -1.259499444756609e+00 -1.259499444756609e+00 -1.259802940546591e+00 -1.259802940546591e+00 -1.259499444756609e+00 -1.259499444756609e+00 0
8.327463872707410e-01 -1.274891658491681e+00 -1.274891658491681e+00 -1.275170610582355e+00 -1.275170610582355e+00 -1.274891658491681e+00 -1.274891658491681e+00 0
8.781159414806076e-01 -1.289753781692523e+00 -1.289753781692523e+00 -1.290010940236670e+00 -1.290010940236670e+00 -1.289753781692523e+00 -1.289753781692523e+00 0
9.237995064498086e-01 -1.304126468139534e+00 -1.304126468139534e+00 -1.304364225046457e+00 -1.304364225046457e+00 -1.304126468139534e+00 -1.304126468139534e+00 0
9.697626668882601e-01 -1.318045943166988e+00 -1.318045943166988e+00 -1.318266378400397e+00 -1.318266378400397e+00 -1.318045943166988e+00 -1.318045943166988e+00 0
1.000000000000000e+00 -1.326931547169244e+00 -1.326931547169244e+00 -1.331749510927974e+00 -1.331749510927974e+00 -1.326931547169244e+00 -1.326931547169244e+00 0
