
------- iter 1 -------
x[0]=2.000000000000000e+00 f[0]=1.583853163452858e+00
x[1]=2.000000000000000e+00 f[1]=2.909297426825682e+00
iter=1 norm=9.999996562745195e+02 f[1]=2.909297426825682e+00 f_old[1]=0.000000000000000e+00 residue non-converged, df=2.909297426825682e+00, tol=2.909298426825682e-03
J = 
1.0000000000e+00 -9.0929742683e-01 
-4.1614683655e-01 1.0000000000e+00 
|J|_max = 1.909297426825682e+00
J^-1 = 
1.6087548378e+00 1.4628366344e+00 
6.6947823653e-01 1.6087548378e+00 
|J^-1|_max = 3.071591472183009e+00
x[0] new=-4.803858295361649e+00 old=2.000000000000000e+00 dx=-6.803858295361649e+00 f=1.583853163452858e+00
x[1] new=-3.740701532755465e+00 old=2.000000000000000e+00 dx=-5.740701532755465e+00 f=2.909297426825682e+00
[norm] |X|_max=6.803858295361649e+00 <= |F|_max=2.909297426825682e+00 * |J^-1|_norm=3.071591472183009e+00 = 8.936173166281735e+00 --> 1
iter=1 norm=3.400229033164242e+03 x[0]=2.000000000000000e+00 x_new[0]=-4.803858295361649e+00 delta non-converged, dx=-6.803858295361649e+00, tol=2.000001000000000e-03
[converge info] iter=1   dx_norm=3.400229033164242e+03 (id=0  ), f_norm=9.999996562745195e+02 (id=1  )
iter=1 nr_converge=0 delta_converge=0 f_converge=0

------- iter 2 -------
x[0]=-4.803858295361649e+00 f[0]=-5.629696747178748e+00
x[1]=-3.740701532755465e+00 f[1]=-2.744881934668660e+00
iter=2 norm=9.999998223705702e+02 f[0]=-5.629696747178748e+00 f_old[0]=1.583853163452858e+00 residue non-converged, df=-7.213549910631606e+00, tol=5.629697747178749e-03
J = 
1.0000000000e+00 -5.6390677554e-01 
9.1341819920e-02 1.0000000000e+00 
|J|_max = 1.563906775540369e+00
J^-1 = 
9.5101486830e-01 5.3628372788e-01 
-8.6867428841e-02 9.5101486830e-01 
|J^-1|_max = 1.487298596178008e+00
x[0] new=2.022102531741983e+00 old=-4.803858295361649e+00 dx=6.825960827103632e+00 f=-5.629696747178748e+00
x[1] new=-1.619315282734704e+00 old=-3.740701532755465e+00 dx=2.121386250020761e+00 f=-2.744881934668660e+00
[norm] |X|_max=6.825960827103632e+00 <= |F|_max=5.629696747178748e+00 * |J^-1|_norm=1.487298596178008e+00 = 8.373040068986850e+00 --> 1
iter=2 norm=1.420637281580821e+03 x[0]=-4.803858295361649e+00 x_new[0]=2.022102531741983e+00 delta non-converged, dx=6.825960827103632e+00, tol=4.803859295361649e-03
[converge info] iter=2   dx_norm=1.420637281580821e+03 (id=0  ), f_norm=9.999998223705702e+02 (id=0  )
iter=2 nr_converge=0 delta_converge=0 f_converge=0

------- iter 3 -------
x[0]=2.022102531741983e+00 f[0]=1.973602609885744e+00
x[1]=-1.619315282734704e+00 f[1]=-7.194371025113550e-01
iter=3 norm=9.999994933126413e+02 f[0]=1.973602609885744e+00 f_old[0]=-5.629696747178748e+00 residue non-converged, df=7.603299357064492e+00, tol=1.973603609885744e-03
J = 
1.0000000000e+00 9.9882318634e-01 
-4.3614133117e-01 1.0000000000e+00 
|J|_max = 1.998823186344780e+00
J^-1 = 
6.9655923985e-01 -6.9573951942e-01 
3.0379827411e-01 6.9655923985e-01 
|J^-1|_max = 1.392298759271989e+00
x[0] new=1.468305740802056e-01 old=2.022102531741983e+00 dx=-1.875271957661778e+00 f=1.973602609885744e+00
x[1] new=-1.717761788150553e+00 old=-1.619315282734704e+00 dx=-9.844650541584882e-02 f=-7.194371025113550e-01
[norm] |X|_max=1.875271957661778e+00 <= |F|_max=1.973602609885744e+00 * |J^-1|_norm=1.392298759271989e+00 = 2.747844465039880e+00 --> 1
iter=3 norm=9.269287780719067e+02 x[0]=2.022102531741983e+00 x_new[0]=1.468305740802056e-01 delta non-converged, dx=-1.875271957661778e+00, tol=2.022103531741983e-03
[converge info] iter=3   dx_norm=9.269287780719067e+02 (id=0  ), f_norm=9.999994933126413e+02 (id=0  )
iter=3 nr_converge=0 delta_converge=0 f_converge=0
converge order of each variable:
x0 = 3.983577663547363e+02 (dx=-1.875271957661778e+00 dx_old0=6.825960827103632e+00 dx_old1=-6.803858295361649e+00
x1 = 3.084154487660611e+00 (dx=-9.844650541584882e-02 dx_old0=2.121386250020761e+00 dx_old1=-5.740701532755465e+00

------- iter 4 -------
x[0]=1.468305740802056e-01 f[0]=3.935890924638419e-04
x[1]=-1.717761788150553e+00 f[1]=-1.571458237685277e+00
iter=4 norm=9.999993636487820e+02 f[1]=-1.571458237685277e+00 f_old[1]=-7.194371025113550e-01 residue non-converged, df=-8.520211351739221e-01, tol=1.571459237685277e-03
J = 
1.0000000000e+00 9.8922000052e-01 
9.8923974401e-01 1.0000000000e+00 
|J|_max = 1.989239744006100e+00
J^-1 = 
4.6676058063e+01 -4.6172890181e+01 
-4.6173811729e+01 4.6676058063e+01 
|J^-1|_max = 9.284986979221645e+01
x[0] new=-7.243030924624888e+01 old=1.468305740802056e-01 dx=-7.257713982032909e+01 f=3.935890924638419e-04
x[1] new=7.164988766609201e+01 old=-1.717761788150553e+00 dx=7.336764945424257e+01 f=-1.571458237685277e+00
[norm] |X|_max=7.336764945424257e+01 <= |F|_max=1.571458237685277e+00 * |J^-1|_norm=9.284986979221645e+01 = 1.459096927529839e+02 --> 1
iter=4 norm=4.909481023928941e+05 x[0]=1.468305740802056e-01 x_new[0]=-7.243030924624888e+01 delta non-converged, dx=-7.257713982032909e+01, tol=1.468315740802056e-04
[converge info] iter=4   dx_norm=4.909481023928941e+05 (id=0  ), f_norm=9.999993636487820e+02 (id=1  )
iter=4 nr_converge=0 delta_converge=0 f_converge=0
converge order of each variable:
x0 = 2.829686175981955e+00 (dx=-7.257713982032909e+01 dx_old0=-1.875271957661778e+00 dx_old1=6.825960827103632e+00
x1 = 2.154089106343015e+00 (dx=7.336764945424257e+01 dx_old0=-9.844650541584882e-02 dx_old1=2.121386250020761e+00

------- iter 5 -------
x[0]=-7.243030924624888e+01 f[0]=-7.325181853372258e+01
x[1]=7.164988766609201e+01 f[1]=7.182269405390633e+01
iter=5 norm=9.999999863484619e+02 f[0]=-7.325181853372258e+01 f_old[0]=3.935890924680052e-04 residue non-converged, df=-7.325221212281505e+01, tol=7.325181953372259e-02
J = 
1.0000000000e+00 -5.7019513379e-01 
-9.8495581237e-01 1.0000000000e+00 
|J|_max = 1.984955812374630e+00
J^-1 = 
2.2811104116e+00 1.3006780563e+00 
2.2467929586e+00 2.2811104116e+00 
|J^-1|_max = 4.527903370199806e+00
x[0] new=1.246974578000945e+00 old=-7.243030924624888e+01 dx=7.367728382424983e+01 f=-7.325181853372258e+01
x[1] new=7.239606255485585e+01 old=7.164988766609201e+01 dx=7.461748887638311e-01 f=7.182269405390633e+01
[norm] |X|_max=7.367728382424983e+01 <= |F|_max=7.325181853372258e+01 * |J^-1|_norm=4.527903370199806e+00 = 3.316771560121071e+02 --> 1
iter=5 norm=1.017202154578829e+03 x[0]=-7.243030924624888e+01 x_new[0]=1.246974578000945e+00 delta non-converged, dx=7.367728382424983e+01, tol=7.243031024624888e-02
[converge info] iter=5   dx_norm=1.017202154578829e+03 (id=0  ), f_norm=9.999999863484619e+02 (id=0  )
iter=5 nr_converge=0 delta_converge=0 f_converge=0
converge order of each variable:
x0 = 4.115142170334485e-03 (dx=7.367728382424983e+01 dx_old0=-7.257713982032909e+01 dx_old1=-1.875271957661778e+00
x1 = 6.937509981948144e-01 (dx=7.461748887638311e-01 dx_old0=7.336764945424257e+01 dx_old1=-9.844650541584882e-02

------- iter 6 -------
x[0]=1.246974578000945e+00 f[0]=2.566794146449204e-01
x[1]=7.239606255485585e+01 f[1]=7.334408884934538e+01
iter=6 norm=9.999999863656362e+02 f[1]=7.334408884934538e+01 f_old[1]=7.182269405390633e+01 residue non-converged, df=1.521394795439051e+00, tol=7.334408984934539e-02
J = 
1.0000000000e+00 1.3898017641e-01 
3.1819199386e-01 1.0000000000e+00 
|J|_max = 1.318191993859721e+00
J^-1 = 
1.0462684818e+00 -1.4541057817e-01 
-3.3291425434e-01 1.0462684818e+00 
|J^-1|_max = 1.379182736130387e+00
x[0] new=1.164342536126838e+01 old=1.246974578000945e+00 dx=1.039645078326744e+01 f=2.566794146449204e-01
x[1] new=-4.256093698281859e+00 old=7.239606255485585e+01 dx=-7.665215625313770e+01 f=7.334408884934538e+01
[norm] |X|_max=7.665215625313770e+01 <= |F|_max=7.334408884934538e+01 * |J^-1|_norm=1.379182736130387e+00 = 1.011549011382303e+02 --> 1
iter=6 norm=8.330659106791170e+03 x[0]=1.246974578000945e+00 x_new[0]=1.164342536126838e+01 delta non-converged, dx=1.039645078326744e+01, tol=1.246975578000945e-03
[converge info] iter=6   dx_norm=8.330659106791170e+03 (id=0  ), f_norm=9.999999863656362e+02 (id=1  )
iter=6 nr_converge=0 delta_converge=0 f_converge=0
converge order of each variable:
x0 = 1.301622353331515e+02 (dx=1.039645078326744e+01 dx_old0=7.367728382424983e+01 dx_old1=-7.257713982032909e+01
x1 = 1.009544896200336e+00 (dx=-7.665215625313770e+01 dx_old0=7.461748887638311e-01 dx_old1=7.336764945424257e+01

------- iter 7 -------
x[0]=1.164342536126838e+01 f[0]=1.120279991500956e+01
x[1]=-4.256093698281859e+00 f[1]=-5.053476158700492e+00
iter=7 norm=9.999999107366089e+02 f[0]=1.120279991500956e+01 f_old[0]=2.566794146449212e-01 residue non-converged, df=1.094612050036464e+01, tol=1.120280091500956e-02
J = 
1.0000000000e+00 -8.9769104714e-01 
6.0347428430e-01 1.0000000000e+00 
|J|_max = 1.897691047136604e+00
J^-1 = 
6.4862054598e-01 5.8226085711e-01 
-3.9142581977e-01 6.4862054598e-01 
|J^-1|_max = 1.230881403087702e+00
x[0] new=7.319500523491862e+00 old=1.164342536126838e+01 dx=-4.323924837776519e+00 f=1.120279991500956e+01
x[1] new=3.406759907281907e+00 old=-4.256093698281859e+00 dx=7.662853605563765e+00 f=-5.053476158700492e+00
[norm] |X|_max=7.662853605563765e+00 <= |F|_max=1.120279991500956e+01 * |J^-1|_norm=1.230881403087702e+00 = 1.378931807789775e+01 --> 1
iter=7 norm=1.800019954612804e+03 x[1]=-4.256093698281859e+00 x_new[1]=3.406759907281907e+00 delta non-converged, dx=7.662853605563765e+00, tol=4.256094698281860e-03
[converge info] iter=7   dx_norm=1.800019954612804e+03 (id=1  ), f_norm=9.999999107366089e+02 (id=0  )
iter=7 nr_converge=0 delta_converge=0 f_converge=0
converge order of each variable:
x0 = 4.480070970882585e-01 (dx=-4.323924837776519e+00 dx_old0=1.039645078326744e+01 dx_old1=7.367728382424983e+01
x1 = 4.971625630381099e-01 (dx=7.662853605563765e+00 dx_old0=-7.665215625313770e+01 dx_old1=7.461748887638311e-01

------- iter 8 -------
x[0]=7.319500523491862e+00 f[0]=6.354451841401075e+00
x[1]=3.406759907281907e+00 f[1]=4.267292971903596e+00
iter=8 norm=9.999998426300383e+02 f[0]=6.354451841401075e+00 f_old[0]=1.120279991500956e+01 residue non-converged, df=-4.848348073608483e+00, tol=6.354452841401076e-03
J = 
1.0000000000e+00 2.6207067977e-01 
5.0939458644e-01 1.0000000000e+00 
|J|_max = 1.509394586438453e+00
J^-1 = 
1.1540646079e+00 -3.0244649629e-01 
-5.8787426366e-01 1.1540646079e+00 
|J^-1|_max = 1.741938871560173e+00
x[0] new=1.276680358737065e+00 old=7.319500523491862e+00 dx=-6.042820164754797e+00 f=6.354451841401075e+00
x[1] new=2.217646814125526e+00 old=3.406759907281907e+00 dx=-1.189113093156380e+00 f=4.267292971903596e+00
[norm] |X|_max=6.042820164754797e+00 <= |F|_max=6.354451841401075e+00 * |J^-1|_norm=1.741938871560173e+00 = 1.106906666999365e+01 --> 1
iter=8 norm=8.254654371464187e+02 x[0]=7.319500523491862e+00 x_new[0]=1.276680358737065e+00 delta non-converged, dx=-6.042820164754797e+00, tol=7.319501523491863e-03
[converge info] iter=8   dx_norm=8.254654371464187e+02 (id=0  ), f_norm=9.999998426300383e+02 (id=0  )
iter=8 nr_converge=0 delta_converge=0 f_converge=0
converge order of each variable:
x0 = 3.815193598000081e-01 (dx=-6.042820164754797e+00 dx_old0=-4.323924837776519e+00 dx_old1=1.039645078326744e+01
x1 = 8.090590770309096e-01 (dx=-1.189113093156380e+00 dx_old0=7.662853605563765e+00 dx_old1=-7.665215625313770e+01

------- iter 9 -------
x[0]=1.276680358737065e+00 f[0]=6.740042264149427e-01
x[1]=2.217646814125526e+00 f[1]=3.174705605851052e+00
iter=9 norm=9.999996850102626e+02 f[1]=3.174705605851052e+00 f_old[1]=4.267292971903596e+00 residue non-converged, df=-1.092587366052544e+00, tol=3.174706605851052e-03
J = 
1.0000000000e+00 -7.9798588930e-01 
2.8989389297e-01 1.0000000000e+00 
|J|_max = 1.797985889304597e+00
J^-1 = 
8.1212915808e-01 6.4806760844e-01 
-2.3543128323e-01 8.1212915808e-01 
|J^-1|_max = 1.460196766523369e+00
x[0] new=-1.328121995695549e+00 old=1.276680358737065e+00 dx=-2.604802354432614e+00 f=6.740042264149427e-01
x[1] new=-2.019424967835444e-01 old=2.217646814125526e+00 dx=-2.419589310909071e+00 f=3.174705605851052e+00
[norm] |X|_max=2.604802354432614e+00 <= |F|_max=3.174705605851052e+00 * |J^-1|_norm=1.460196766523369e+00 = 4.635694860327321e+00 --> 1
iter=9 norm=2.038696405263172e+03 x[0]=1.276680358737065e+00 x_new[0]=-1.328121995695549e+00 delta non-converged, dx=-2.604802354432614e+00, tol=1.276681358737065e-03
[converge info] iter=9   dx_norm=2.038696405263172e+03 (id=0  ), f_norm=9.999996850102626e+02 (id=1  )
iter=9 nr_converge=0 delta_converge=0 f_converge=0
converge order of each variable:
x0 = 2.514178852456009e+00 (dx=-2.604802354432614e+00 dx_old0=-6.042820164754797e+00 dx_old1=-4.323924837776519e+00
x1 = 3.812789646570608e-01 (dx=-2.419589310909071e+00 dx_old0=-1.189113093156380e+00 dx_old1=7.662853605563765e+00

------- iter 10 -------
x[0]=-1.328121995695549e+00 f[0]=-3.484431811866379e-01
x[1]=-2.019424967835444e-01 f[1]=-1.172641303341806e+00
iter=10 norm=9.999991472250343e+02 f[1]=-1.172641303341806e+00 f_old[1]=3.174705605851052e+00 residue non-converged, df=-4.347346909192858e+00, tol=1.172642303341806e-03
J = 
1.0000000000e+00 2.0057273095e-01 
2.4029945266e-01 1.0000000000e+00 
|J|_max = 1.240299452655155e+00
J^-1 = 
1.0506381506e+00 -2.1072936311e-01 
-2.5246777253e-01 1.0506381506e+00 
|J^-1|_max = 1.303105923145810e+00
x[0] new=-1.209144251233060e+00 old=-1.328121995695549e+00 dx=1.189777444624894e-01 f=-3.484431811866379e-01
x[1] new=9.421085196857806e-01 old=-2.019424967835444e-01 dx=1.144051016469325e+00 f=-1.172641303341806e+00
[norm] |X|_max=1.144051016469325e+00 <= |F|_max=1.172641303341806e+00 * |J^-1|_norm=1.303105923145810e+00 = 1.528075828110130e+00 --> 1
iter=10 norm=5.637316159017959e+03 x[1]=-2.019424967835444e-01 x_new[1]=9.421085196857806e-01 delta non-converged, dx=1.144051016469325e+00, tol=2.019434967835444e-04
[converge info] iter=10  dx_norm=5.637316159017959e+03 (id=1  ), f_norm=9.999991472250343e+02 (id=1  )
iter=10 nr_converge=0 delta_converge=0 f_converge=0
converge order of each variable:
x0 = 3.667408460446813e+00 (dx=1.189777444624894e-01 dx_old0=-2.604802354432614e+00 dx_old1=-6.042820164754797e+00
x1 = 1.054381730738296e+00 (dx=1.144051016469325e+00 dx_old0=-2.419589310909071e+00 dx_old1=-1.189113093156380e+00

------- iter 11 -------
x[0]=-1.209144251233060e+00 f[0]=-6.210602881479917e-01
x[1]=9.421085196857806e-01 f[1]=6.794956591385515e-03
iter=11 norm=9.999983898529515e+02 f[0]=-6.210602881479917e-01 f_old[0]=-3.484431811866379e-01 residue non-converged, df=-2.726171069613539e-01, tol=6.210612881479918e-04
J = 
1.0000000000e+00 -8.0879988400e-01 
3.5381992410e-01 1.0000000000e+00 
|J|_max = 1.808799884002316e+00
J^-1 = 
7.7750249049e-01 6.2884392412e-01 
-2.7509587218e-01 7.7750249049e-01 
|J^-1|_max = 1.406346414617997e+00
x[0] new=-7.305412976179284e-01 old=-1.209144251233060e+00 dx=4.786029536151313e-01 f=-6.210602881479917e-01
x[1] new=7.659743023712138e-01 old=9.421085196857806e-01 dx=-1.761342173145668e-01 f=6.794956591385515e-03
[norm] |X|_max=4.786029536151313e-01 <= |F|_max=6.210602881479917e-01 * |J^-1|_norm=1.406346414617997e+00 = 8.734259094985484e-01 --> 1
iter=11 norm=3.954924820966307e+02 x[0]=-1.209144251233060e+00 x_new[0]=-7.305412976179284e-01 delta non-converged, dx=4.786029536151313e-01, tol=1.209145251233060e-03
[converge info] iter=11  dx_norm=3.954924820966307e+02 (id=0  ), f_norm=9.999983898529515e+02 (id=0  )
iter=11 nr_converge=0 delta_converge=0 f_converge=0
converge order of each variable:
x0 = 4.510225798784426e-01 (dx=4.786029536151313e-01 dx_old0=1.189777444624894e-01 dx_old1=-2.604802354432614e+00
x1 = 2.498035614106685e+00 (dx=-1.761342173145668e-01 dx_old0=1.144051016469325e+00 dx_old1=-2.419589310909071e+00

------- iter 12 -------
x[0]=-7.305412976179284e-01 f[0]=-9.834022905949036e-03
x[1]=7.659743023712138e-01 f[1]=9.870140395571958e-02
iter=12 norm=9.999898685345045e+02 f[1]=9.870140395571958e-02 f_old[1]=6.794956591385515e-03 residue non-converged, df=9.190644736433407e-02, tol=9.870240395571959e-05
J = 
1.0000000000e+00 -6.9323951429e-01 
7.4481331825e-01 1.0000000000e+00 
|J|_max = 1.744813318248395e+00
J^-1 = 
6.5948530129e-01 4.5718126995e-01 
-4.9119343559e-01 6.5948530129e-01 
|J^-1|_max = 1.150678736877283e+00
x[0] new=-7.691803372651109e-01 old=-7.305412976179284e-01 dx=-3.863903964718256e-02 f=-9.834022905949036e-03
x[1] new=6.960517697490436e-01 old=7.659743023712138e-01 dx=-6.992253262217023e-02 f=9.870140395571958e-02
[norm] |X|_max=6.992253262217023e-02 <= |F|_max=9.870140395571958e-02 * |J^-1|_norm=1.150678736877283e+00 = 1.135736068317818e-01 --> 1
iter=12 norm=9.116672150030900e+01 x[1]=7.659743023712138e-01 x_new[1]=6.960517697490436e-01 delta non-converged, dx=-6.992253262217023e-02, tol=7.659753023712138e-04
[converge info] iter=12  dx_norm=9.116672150030900e+01 (id=1  ), f_norm=9.999898685345045e+02 (id=1  )
iter=12 nr_converge=0 delta_converge=0 f_converge=0
converge order of each variable:
x0 = 1.807992748191606e+00 (dx=-3.863903964718256e-02 dx_old0=4.786029536151313e-01 dx_old1=1.189777444624894e-01
x1 = 4.937555565571094e-01 (dx=-6.992253262217023e-02 dx_old0=-1.761342173145668e-01 dx_old1=1.144051016469325e+00

------- iter 13 -------
x[0]=-7.691803372651109e-01 f[0]=-1.800598199881209e-03
x[1]=6.960517697490436e-01 f[1]=5.052095268277546e-04
iter=13 norm=9.994449372784309e+02 f[0]=-1.800598199881209e-03 f_old[0]=-9.834022905949036e-03 residue non-converged, df=8.033424706067827e-03, tol=1.801598199881209e-06
J = 
1.0000000000e+00 -6.4119290083e-01 
7.1848102450e-01 1.0000000000e+00 
|J|_max = 1.718481024497546e+00
J^-1 = 
6.8461033444e-01 4.3896728627e-01 
-4.9187953447e-01 6.8461033444e-01 
|J^-1|_max = 1.176489868904452e+00
x[0] new=-7.681693995842955e-01 old=-7.691803372651109e-01 dx=1.010937680815362e-03 f=-1.800598199881209e-03
x[1] new=6.948202206816004e-01 old=6.960517697490436e-01 dx=-1.231549067443149e-03 f=5.052095268277546e-04
[norm] |X|_max=1.231549067443149e-03 <= |F|_max=1.800598199881209e-03 * |J^-1|_norm=1.176489868904452e+00 = 2.118385540127836e-03 --> 1
iter=13 norm=1.766797131705925e+00 x[1]=6.960517697490436e-01 x_new[1]=6.948202206816004e-01 delta non-converged, dx=-1.231549067443149e-03, tol=6.960527697490436e-04
[converge info] iter=13  dx_norm=1.766797131705925e+00 (id=1  ), f_norm=9.994449372784309e+02 (id=0  )
iter=13 nr_converge=0 delta_converge=0 f_converge=0
converge order of each variable:
x0 = 1.447736230966318e+00 (dx=1.010937680815362e-03 dx_old0=-3.863903964718256e-02 dx_old1=4.786029536151313e-01
x1 = 4.372006995780500e+00 (dx=-1.231549067443149e-03 dx_old0=-6.992253262217023e-02 dx_old1=-1.761342173145668e-01

------- iter 14 -------
x[0]=-7.681693995842955e-01 f[0]=-5.821469947209224e-07
x[1]=6.948202206816004e-01 f[1]=3.552988020461001e-07
iter=14 norm=3.679474768547711e+02 f[0]=-5.821469947209224e-07 f_old[0]=-1.800598199881209e-03 residue non-converged, df=1.800016052886488e-03, tol=1.582146994720922e-09
J = 
1.0000000000e+00 -6.4024734901e-01 
7.1918381146e-01 1.0000000000e+00 
|J|_max = 1.719183811462292e+00
J^-1 = 
6.8471787077e-01 4.3838880158e-01 
-4.9243800808e-01 6.8471787077e-01 
|J^-1|_max = 1.177155878853896e+00
x[0] new=-7.681691567368608e-01 old=-7.681693995842955e-01 dx=2.428474346695500e-07 f=-5.821469947209224e-07
x[1] new=6.948196907308547e-01 old=6.948202206816004e-01 dx=-5.299507457155870e-07 f=3.552988020461001e-07
[norm] |X|_max=5.299507457155870e-07 <= |F|_max=5.821469947209224e-07 * |J^-1|_norm=1.177155878853896e+00 = 6.852777571928617e-07 --> 1
[converge info] iter=14  dx_norm=7.616202144807840e-04 (id=1  ), f_norm=3.679474768547711e+02 (id=0  )
iter=14 nr_converge=0 delta_converge=1 f_converge=0
converge order of each variable:
x0 = 2.287421113628591e+00 (dx=2.428474346695500e-07 dx_old0=1.010937680815362e-03 dx_old1=-3.863903964718256e-02
x1 = 1.918984466069305e+00 (dx=-5.299507457155870e-07 dx_old0=-1.231549067443149e-03 dx_old1=-6.992253262217023e-02

------- iter 15 -------
x[0]=-7.681691567368608e-01 f[0]=-1.078026556911027e-13
x[1]=6.948196907308547e-01 f[1]=2.053912595556540e-14
[converge info] iter=15 both delta and f converge, skip load jacobian and matrix solve
[converge info] iter=15  dx_norm=7.616202144807840e-04 (id=1  ), f_norm=1.078026440696914e-04 (id=0  )

========== Newton Converge Success in 15 Iteration ==========
x[0]=-7.681691567368608e-01  f=-1.078026556911027e-13
x[1]=6.948196907308547e-01  f=2.053912595556540e-14
[norm] dx_norm=7.616202144807840e-04 (id=1), f_norm=1.078026440696914e-04 (id=0)
* performance summary:
n_iter       = 15
n_mat_factor = 14
n_mat_solve  = 14
n_f_load     = 15
n_jac_load   = 14
