
------- iter 1 -------
x[0]=1.000000000000000e+00 f[0]=-1.000000000000000e+00
x[1]=1.000000000000000e+00 f[1]=-1.000000000000000e+00
x[2]=1.000000000000000e+00 f[2]=1.000000000000000e+00
iter=1 norm=9.999990000010001e+02 f[0]=-1.000000000000000e+00 f_old[0]=0.000000000000000e+00 residue non-converged, df=-1.000000000000000e+00, tol=1.000001000000000e-03
J = 
-2.0000000000e+00 0.0000000000e+00 -2.0000000000e+00 
0.0000000000e+00 -2.0000000000e+00 -2.0000000000e+00 
2.0000000000e+00 2.0000000000e+00 0.0000000000e+00 
|J|_max = 4.000000000000000e+00
J^-1 = 
-2.5000000000e-01 2.5000000000e-01 2.5000000000e-01 
2.5000000000e-01 -2.5000000000e-01 2.5000000000e-01 
-2.5000000000e-01 -2.5000000000e-01 -2.5000000000e-01 
|J^-1|_max = 7.500000000000000e-01
x[0] new=7.500000000000000e-01 old=1.000000000000000e+00 dx=-2.500000000000000e-01 f=-1.000000000000000e+00
x[1] new=7.500000000000000e-01 old=1.000000000000000e+00 dx=-2.500000000000000e-01 f=-1.000000000000000e+00
x[2] new=7.500000000000000e-01 old=1.000000000000000e+00 dx=-2.500000000000000e-01 f=1.000000000000000e+00
[norm] |X|_max=2.500000000000000e-01 <= |F|_max=1.000000000000000e+00 * |J^-1|_norm=7.500000000000000e-01 = 7.500000000000000e-01 --> 1
iter=1 norm=2.497502497502498e+02 x[0]=1.000000000000000e+00 x_new[0]=7.500000000000000e-01 delta non-converged, dx=-2.500000000000000e-01, tol=1.000001000000000e-03
[converge info] iter=1   dx_norm=2.497502497502498e+02 (id=0  ), f_norm=9.999990000010001e+02 (id=0  )
iter=1 nr_converge=0 delta_converge=0 f_converge=0

------- iter 2 -------
x[0]=7.500000000000000e-01 f[0]=-1.250000000000000e-01
x[1]=7.500000000000000e-01 f[1]=-1.250000000000000e-01
x[2]=7.500000000000000e-01 f[2]=1.250000000000000e-01
iter=2 norm=9.999920000639995e+02 f[0]=-1.250000000000000e-01 f_old[0]=-1.000000000000000e+00 residue non-converged, df=8.750000000000000e-01, tol=1.250010000000000e-04
J = 
-1.5000000000e+00 0.0000000000e+00 -1.5000000000e+00 
0.0000000000e+00 -1.5000000000e+00 -1.5000000000e+00 
1.5000000000e+00 1.5000000000e+00 0.0000000000e+00 
|J|_max = 3.000000000000000e+00
J^-1 = 
-3.3333333333e-01 3.3333333333e-01 3.3333333333e-01 
3.3333333333e-01 -3.3333333333e-01 3.3333333333e-01 
-3.3333333333e-01 -3.3333333333e-01 -3.3333333333e-01 
|J^-1|_max = 1.000000000000000e+00
x[0] new=7.083333333333334e-01 old=7.500000000000000e-01 dx=-4.166666666666666e-02 f=-1.250000000000000e-01
x[1] new=7.083333333333334e-01 old=7.500000000000000e-01 dx=-4.166666666666666e-02 f=-1.250000000000000e-01
x[2] new=7.083333333333334e-01 old=7.500000000000000e-01 dx=-4.166666666666666e-02 f=1.250000000000000e-01
[norm] |X|_max=4.166666666666666e-02 <= |F|_max=1.250000000000000e-01 * |J^-1|_norm=1.000000000000000e+00 = 1.250000000000000e-01 --> 1
iter=2 norm=5.548158011540168e+01 x[0]=7.500000000000000e-01 x_new[0]=7.083333333333334e-01 delta non-converged, dx=-4.166666666666666e-02, tol=7.500010000000000e-04
[converge info] iter=2   dx_norm=5.548158011540168e+01 (id=0  ), f_norm=9.999920000639995e+02 (id=0  )
iter=2 nr_converge=0 delta_converge=0 f_converge=0

------- iter 3 -------
x[0]=7.083333333333334e-01 f[0]=-3.472222222222321e-03
x[1]=7.083333333333334e-01 f[1]=-3.472222222222321e-03
x[2]=7.083333333333334e-01 f[2]=3.472222222222321e-03
iter=3 norm=9.997120829201190e+02 f[0]=-3.472222222222321e-03 f_old[0]=-1.250000000000000e-01 residue non-converged, df=1.215277777777777e-01, tol=3.473222222222321e-06
J = 
-1.4166666667e+00 0.0000000000e+00 -1.4166666667e+00 
0.0000000000e+00 -1.4166666667e+00 -1.4166666667e+00 
1.4166666667e+00 1.4166666667e+00 0.0000000000e+00 
|J|_max = 2.833333333333333e+00
J^-1 = 
-3.5294117647e-01 3.5294117647e-01 3.5294117647e-01 
3.5294117647e-01 -3.5294117647e-01 3.5294117647e-01 
-3.5294117647e-01 -3.5294117647e-01 -3.5294117647e-01 
|J^-1|_max = 1.058823529411764e+00
x[0] new=7.071078431372549e-01 old=7.083333333333334e-01 dx=-1.225490196078466e-03 f=-3.472222222222321e-03
x[1] new=7.071078431372549e-01 old=7.083333333333334e-01 dx=-1.225490196078466e-03 f=-3.472222222222321e-03
x[2] new=7.071078431372549e-01 old=7.083333333333334e-01 dx=-1.225490196078466e-03 f=3.472222222222321e-03
[norm] |X|_max=1.225490196078466e-03 <= |F|_max=3.472222222222321e-03 * |J^-1|_norm=1.058823529411764e+00 = 3.676470588235398e-03 --> 1
iter=3 norm=1.727664750110619e+00 x[0]=7.083333333333334e-01 x_new[0]=7.071078431372549e-01 delta non-converged, dx=-1.225490196078466e-03, tol=7.083343333333334e-04
[converge info] iter=3   dx_norm=1.727664750110619e+00 (id=0  ), f_norm=9.997120829201190e+02 (id=0  )
iter=3 nr_converge=0 delta_converge=0 f_converge=0
converge order of each variable:
x0 = 1.968099281839095e+00 (dx=-1.225490196078466e-03 dx_old0=-4.166666666666666e-02 dx_old1=-2.500000000000000e-01
x1 = 1.968099281839095e+00 (dx=-1.225490196078466e-03 dx_old0=-4.166666666666666e-02 dx_old1=-2.500000000000000e-01
x2 = 1.968099281839095e+00 (dx=-1.225490196078466e-03 dx_old0=-4.166666666666666e-02 dx_old1=-2.500000000000000e-01

------- iter 4 -------
x[0]=7.071078431372549e-01 f[0]=-3.003652441435634e-06
x[1]=7.071078431372549e-01 f[1]=-3.003652441435634e-06
x[2]=7.071078431372549e-01 f[2]=3.003652441435634e-06
iter=4 norm=7.502280693372526e+02 f[0]=-3.003652441435634e-06 f_old[0]=-3.472222222222321e-03 residue non-converged, df=3.469218569780885e-03, tol=4.003652441435634e-09
J = 
-1.4142156863e+00 0.0000000000e+00 -1.4142156863e+00 
0.0000000000e+00 -1.4142156863e+00 -1.4142156863e+00 
1.4142156863e+00 1.4142156863e+00 0.0000000000e+00 
|J|_max = 2.828431372549020e+00
J^-1 = 
-3.5355285962e-01 3.5355285962e-01 3.5355285962e-01 
3.5355285962e-01 -3.5355285962e-01 3.5355285962e-01 
-3.5355285962e-01 -3.5355285962e-01 -3.5355285962e-01 
|J^-1|_max = 1.060658578856152e+00
x[0] new=7.071067811873449e-01 old=7.071078431372549e-01 dx=-1.061949909970311e-06 f=-3.003652441435634e-06
x[1] new=7.071067811873449e-01 old=7.071078431372549e-01 dx=-1.061949909970311e-06 f=-3.003652441435634e-06
x[2] new=7.071067811873449e-01 old=7.071078431372549e-01 dx=-1.061949909970310e-06 f=3.003652441435634e-06
[norm] |X|_max=1.061949909970311e-06 <= |F|_max=3.003652441435634e-06 * |J^-1|_norm=1.060658578856152e+00 = 3.185849729910932e-06 --> 1
[converge info] iter=4   dx_norm=1.499700815719491e-03 (id=0  ), f_norm=7.502280693372526e+02 (id=0  )
iter=4 nr_converge=0 delta_converge=1 f_converge=0
converge order of each variable:
x0 = 1.999508954863127e+00 (dx=-1.061949909970311e-06 dx_old0=-1.225490196078466e-03 dx_old1=-4.166666666666666e-02
x1 = 1.999508954863127e+00 (dx=-1.061949909970311e-06 dx_old0=-1.225490196078466e-03 dx_old1=-4.166666666666666e-02
x2 = 1.999508954863127e+00 (dx=-1.061949909970310e-06 dx_old0=-1.225490196078466e-03 dx_old1=-4.166666666666666e-02

------- iter 5 -------
x[0]=7.071067811873449e-01 f[0]=-2.255307052223543e-12
x[1]=7.071067811873449e-01 f[1]=-2.255307052223543e-12
x[2]=7.071067811873449e-01 f[2]=2.255307052223543e-12
[converge info] iter=5 both delta and f converge, skip load jacobian and matrix solve
[converge info] iter=5   dx_norm=1.499700815719491e-03 (id=0  ), f_norm=2.255301965825115e-03 (id=0  )

========== Newton Converge Success in 5 Iteration ==========
x[0]=7.071067811873449e-01  f=-2.255307052223543e-12
x[1]=7.071067811873449e-01  f=-2.255307052223543e-12
x[2]=7.071067811873449e-01  f=2.255307052223543e-12
[norm] dx_norm=1.499700815719491e-03 (id=0), f_norm=2.255301965825115e-03 (id=0)
* performance summary:
n_iter       = 5
n_mat_factor = 4
n_mat_solve  = 4
n_f_load     = 5
n_jac_load   = 4
