# lamda x_0 sp_0 s0_0 is_backtrace
0 -1.000000000000000e+00 0 0 0
4.461952966619715e-02 -9.774356604574048e-01 -9.776393202250021e-01 -9.774356604574048e-01 0
8.902390393331755e-02 -9.544506776500726e-01 -9.546648794094861e-01 -9.544506776500726e-01 0
1.331963443267238e-01 -9.310229082430124e-01 -9.312485205551402e-01 -9.310229082430124e-01 0
1.771181344104645e-01 -9.071283622451324e-01 -9.073663485034283e-01 -9.071283622451324e-01 0
2.207683241329261e-01 -8.827410015780817e-01 -8.829924316961536e-01 -8.827410015780817e-01 0
2.641233784318102e-01 -8.578325137042724e-01 -8.580985775298684e-01 -8.578325137042724e-01 0
3.071567577179715e-01 -8.323720576052693e-01 -8.326540798389911e-01 -8.323720576052693e-01 0
3.498384147583555e-01 -8.063259795155097e-01 -8.066254360898278e-01 -8.063259795155097e-01 0
3.921341885472673e-01 -7.796574962460984e-01 -7.799760319544170e-01 -7.796574962460984e-01 0
4.340050707780906e-01 -7.523263448942302e-01 -7.526657917776752e-01 -7.523263448942302e-01 0
4.754063142510240e-01 -7.242883995681415e-01 -7.246507951000370e-01 -7.242883995681415e-01 0
5.162863446995125e-01 -6.954952590064815e-01 -6.958828623521269e-01 -6.954952590064815e-01 0
5.565854278305031e-01 -6.658938144850904e-01 -6.663091178870614e-01 -6.658938144850904e-01 0
5.962340317103123e-01 -6.354258165118076e-01 -6.358715468946620e-01 -6.354258165118076e-01 0
6.351508111752232e-01 -6.040274735678750e-01 -6.045065763680572e-01 -6.040274735678750e-01 0
6.732401266414806e-01 -5.716291397038272e-01 -5.721447321111464e-01 -5.716291397038272e-01 0
7.103889970407061e-01 -5.381551848299140e-01 -5.387104582216282e-01 -5.381551848299140e-01 0
7.464633812181504e-01 -5.035241988046689e-01 -5.041222390388650e-01 -5.035241988046689e-01 0
7.813036954307561e-01 -4.676497669937300e-01 -4.682932451716098e-01 -4.676497669937300e-01 0
8.147195284088353e-01 -4.304421814729891e-01 -4.311328460736790e-01 -4.304421814729891e-01 0
8.464836490119683e-01 -3.918116269179744e-01 -3.925495024681246e-01 -3.918116269179744e-01 0
8.763256798932600e-01 -3.516735988197512e-01 -3.524557746250140e-01 -3.516735988197512e-01 0
9.039263290375882e-01 -3.099575309014437e-01 -3.107764288967724e-01 -3.099575309014437e-01 0
9.289139367365548e-01 -2.666196978161099e-01 -2.674607923382532e-01 -2.666196978161099e-01 0
9.508663440398509e-01 -2.216611286631944e-01 -2.225003420527916e-01 -2.216611286631944e-01 0
9.693224684733914e-01 -1.751500257683946e-01 -1.759515443757465e-01 -1.751500257683946e-01 0
9.838085820099314e-01 -1.272455028285708e-01 -1.279615317180724e-01 -1.272455028285708e-01 0
9.938823445739022e-01 -7.821544237619789e-02 -7.879001730019983e-02 -7.821544237619789e-02 0
1.000000000000000e+00 -8.793973672344817e-07 -2.881620558583366e-02 -8.793973672344817e-07 0
