# lamda x_0 x_1 sp_0 sp_1 s0_0 s0_1 is_backtrace
0 6.729647667242242e-01 6.197813333207922e-01 0 0 0 0 0
4.596218288486788e-02 6.598237539309295e-01 6.051218820120783e-01 6.600069345701132e-01 6.053633227779676e-01 6.598237539309295e-01 6.051218820120783e-01 0
9.164778339606111e-02 6.463011569234558e-01 5.899530876500420e-01 6.464964303102800e-01 5.902152557204237e-01 6.463011569234558e-01 5.899530876500420e-01 0
1.370228660871746e-01 6.323715723381312e-01 5.742298831893572e-01 6.325799828104246e-01 5.745156767060315e-01 6.323715723381312e-01 5.742298831893572e-01 0
1.820474295016154e-01 6.180074926197652e-01 5.579007083058295e-01 6.182301277357808e-01 5.582135993409151e-01 6.180074926197652e-01 5.579007083058295e-01 0
2.266739692350613e-01 6.031792908974318e-01 5.409061915864775e-01 6.034172377619743e-01 5.412503727302499e-01 6.031792908974318e-01 5.409061915864775e-01 0
2.708456135402197e-01 5.878553438723108e-01 5.231774806771886e-01 5.881096102776607e-01 5.235580625559515e-01 5.878553438723108e-01 5.231774806771886e-01 0
3.144936768007979e-01 5.720023996981617e-01 5.046341007921440e-01 5.722737741950217e-01 5.050573787763717e-01 5.720023996981617e-01 5.046341007921440e-01 0
3.575344091738517e-01 5.555863730235485e-01 4.851811712174273e-01 5.558751805240901e-01 4.856549917703650e-01 5.555863730235485e-01 4.851811712174273e-01 0
3.998646186508479e-01 5.385738807675059e-01 4.647057321579694e-01 5.388795573836818e-01 4.652400058545670e-01 5.385738807675059e-01 4.647057321579694e-01 0
4.413556820005141e-01 5.209350664406266e-01 4.430718140208966e-01 5.212554166588624e-01 4.436792496421229e-01 5.209350664406266e-01 4.430718140208966e-01 0
4.818452015649541e-01 5.026486881196299e-01 4.201136905615006e-01 5.029785728229336e-01 4.208108705228201e-01 5.026486881196299e-01 4.201136905615006e-01 0
5.211251229571899e-01 4.837112454142126e-01 3.956264527072147e-01 4.840402262730979e-01 3.964354463928561e-01 4.837112454142126e-01 3.956264527072147e-01 0
5.589243294171762e-01 4.641534636529988e-01 3.693525650865193e-01 4.644614822985791e-01 3.703033956218962e-01 4.641534636529988e-01 3.693525650865193e-01 0
5.948821784775921e-01 4.440705178769571e-01 3.409624170143638e-01 4.443197680153874e-01 3.420968347597499e-01 4.440705178769571e-01 3.409624170143638e-01 0
6.285062371745752e-01 4.236786035915755e-01 3.100264767926502e-01 4.237978476593057e-01 3.114033876514912e-01 4.236786035915755e-01 3.100264767926502e-01 0
6.591006717135841e-01 4.034229599909926e-01 2.759792324585530e-01 4.032768603315938e-01 2.776802787962375e-01 4.034229599909926e-01 2.759792324585530e-01 0
6.856392708109211e-01 3.841839258630548e-01 2.380942868833398e-01 3.835156313824094e-01 2.402171670700036e-01 3.841839258630548e-01 2.380942868833398e-01 0
7.065548176166720e-01 3.676330248947903e-01 1.955825733721051e-01 3.659859485949847e-01 1.981608440267217e-01 3.676330248947903e-01 1.955825733721051e-01 0
7.195785808886287e-01 3.565617235828879e-01 1.482198287834960e-01 3.533656993486382e-01 1.508848297606295e-01 3.565617235828879e-01 1.482198287834960e-01 0
7.225101076421984e-01 3.539761036658061e-01 9.787426495352555e-02 3.494401449289411e-01 9.940228006073329e-02 3.539761036658061e-01 9.787426495352555e-02 0
7.154441608826143e-01 3.601476711446377e-01 4.836171132085128e-02 3.560404126679484e-01 4.797097945130008e-02 3.601476711446377e-01 4.836171132085128e-02 1
7.007671219732569e-01 3.723537575344088e-01 1.932772628133099e-03 3.698047400301723e-01 6.086129850762512e-04 3.723537575344088e-01 1.932772628133099e-03 1
6.808273504969464e-01 3.878061195920453e-01 -4.134222118215887e-02 3.865114411491355e-01 -4.268600310249992e-02 3.878061195920453e-01 -4.134222118215887e-02 1
6.571763091293610e-01 4.047528067328385e-01 -8.205866310925727e-02 4.041930720235018e-01 -8.316499566047605e-02 4.047528067328385e-01 -8.205866310925727e-02 1
6.307964995862875e-01 4.222234041533828e-01 -1.208043896282221e-01 4.220633236103251e-01 -1.216698438511736e-01 4.222234041533828e-01 -1.208043896282221e-01 1
6.023449751517758e-01 4.396917539248936e-01 -1.580432842236383e-01 4.397476791633712e-01 -1.587120868985454e-01 4.396917539248936e-01 -1.580432842236383e-01 1
5.722905702615984e-01 4.568729210362582e-01 -1.941318533595662e-01 4.570456473417753e-01 -1.946447687468325e-01 4.568729210362582e-01 -1.941318533595662e-01 1
5.409869690212855e-01 4.736140041313723e-01 -2.293505977355789e-01 4.738490545714999e-01 -2.297374926076849e-01 4.736140041313723e-01 -2.293505977355789e-01 1
5.087137800294445e-01 4.898354603480767e-01 -2.639288493148773e-01 4.901024662590686e-01 -2.642102310091245e-01 4.898354603480767e-01 -2.639288493148773e-01 1
4.757016046613743e-01 5.054987113423346e-01 -2.980622285805806e-01 5.057807344039867e-01 -2.982516693674931e-01 5.054987113423346e-01 -2.980622285805806e-01 1
4.421487472008194e-01 5.205876346132376e-01 -3.319249262399230e-01 5.208755006125396e-01 -3.320308882098700e-01 5.205876346132376e-01 -3.319249262399230e-01 1
4.082334373950536e-01 5.350975602559601e-01 -3.656787681890656e-01 5.353867809524060e-01 -3.657057617243231e-01 5.350975602559601e-01 -3.656787681890656e-01 1
3.741237457552035e-01 5.490283735152257e-01 -3.994804321869966e-01 5.493174637897182e-01 -3.994296631228409e-01 5.490283735152257e-01 -3.994804321869966e-01 1
3.399866361173795e-01 5.623798148809976e-01 -4.334877520452036e-01 5.626694088247228e-01 -4.333573904565453e-01 5.623798148809976e-01 -4.334877520452036e-01 1
3.059973530754739e-01 5.751478152693965e-01 -4.678657852097216e-01 5.754402862312052e-01 -4.676509368705589e-01 5.751478152693965e-01 -4.678657852097216e-01 1
2.723504196105881e-01 5.873210490988865e-01 -5.027931703137595e-01 5.876205056479504e-01 -5.024855949925321e-01 5.873210490988865e-01 -5.027931703137595e-01 1
2.392739137698840e-01 5.988769833753614e-01 -5.384691862908818e-01 5.991896244843931e-01 -5.380568006658765e-01 5.988769833753614e-01 -5.384691862908818e-01 1
2.070495066971456e-01 6.097765918709670e-01 -5.751217211927059e-01 6.101115049936741e-01 -5.745879807937727e-01 6.097765918709670e-01 -5.751217211927059e-01 1
1.760421894930863e-01 6.199565675496078e-01 -6.130157863417903e-01 6.203271734663860e-01 -6.123392575941745e-01 6.199565675496078e-01 -6.130157863417903e-01 1
1.467459510443857e-01 6.293172426884808e-01 -6.524605402161806e-01 6.297437445582245e-01 -6.516156232925405e-01 6.293172426884808e-01 -6.524605402161806e-01 1
1.198547271122043e-01 6.377035401224109e-01 -6.938081023930834e-01 6.382168476480167e-01 -6.927696707431631e-01 6.377035401224109e-01 -6.938081023930834e-01 1
9.636884709620375e-02 6.448758426110258e-01 -7.374250714151963e-01 6.455230302587711e-01 -7.361844175867283e-01 6.448758426110258e-01 -7.374250714151963e-01 1
7.773160826628667e-02 6.504714384529419e-01 -7.835890024180903e-01 6.513198112870467e-01 -7.821980224658038e-01 6.504714384529419e-01 -7.835890024180903e-01 1
6.591027770777737e-02 6.539782456957933e-01 -8.322188080542784e-01 6.551037683490346e-01 -8.308853145022512e-01 6.539782456957933e-01 -8.322188080542784e-01 1
6.312013830530099e-02 6.548012504565214e-01 -8.823934264126525e-01 6.562265250960045e-01 -8.815845203168926e-01 6.548012504565214e-01 -8.823934264126525e-01 1
7.079915477917677e-02 6.525318776234770e-01 -9.320637653953744e-01 6.541164700022064e-01 -9.323346902502032e-01 6.525318776234770e-01 -9.320637653953744e-01 0
8.845482131514815e-02 6.472620779665381e-01 -9.788398917879184e-01 6.487315852417737e-01 -9.802423605260254e-01 6.472620779665381e-01 -9.788398917879184e-01 0
1.139998555663049e-01 6.395044953704913e-01 -1.021337505388874e+00 6.406868966024966e-01 -1.023316831080414e+00 6.395044953704913e-01 -1.021337505388874e+00 0
1.451163281469706e-01 6.298309371703278e-01 -1.059409931296662e+00 6.307363404336200e-01 -1.061420128624233e+00 6.298309371703278e-01 -1.059409931296662e+00 0
1.800116110113674e-01 6.186694276092751e-01 -1.093533303633887e+00 6.193797037101806e-01 -1.095325827453740e+00 6.186694276092751e-01 -1.093533303633887e+00 0
2.174670885531585e-01 6.062898550116527e-01 -1.124320681748982e+00 6.068807300679461e-01 -1.125844763532839e+00 6.062898550116527e-01 -1.124320681748982e+00 0
2.566762480517369e-01 5.928456595805730e-01 -1.152328731188500e+00 5.933706138374746e-01 -1.153609330419012e+00 5.928456595805730e-01 -1.152328731188500e+00 0
2.970953579200896e-01 5.784117512077609e-01 -1.178012844352661e+00 5.789067659459868e-01 -1.179092748182566e+00 5.784117512077609e-01 -1.178012844352661e+00 0
3.383428421431451e-01 5.630089230670439e-01 -1.201732582154206e+00 5.634992091731522e-01 -1.202652612344860e+00 5.630089230670439e-01 -1.201732582154206e+00 0
3.801361139380440e-01 5.466176078911963e-01 -1.223768737055505e+00 5.471225060963624e-01 -1.224562943573173e+00 5.466176078911963e-01 -1.223768737055505e+00 0
4.222515408246283e-01 5.291845443339928e-01 -1.244339818384788e+00 5.297207636267105e-01 -1.245035571111843e+00 5.291845443339928e-01 -1.244339818384788e+00 0
4.644975361227661e-01 5.106246371478280e-01 -1.263614987315493e+00 5.112085101164492e-01 -1.264234366023508e+00 5.106246371478280e-01 -1.263614987315493e+00 0
5.066943798259838e-01 4.908191534787003e-01 -1.281723219031817e+00 4.914684453947216e-01 -1.282284583870400e+00 4.908191534787003e-01 -1.281723219031817e+00 0
5.486563786738564e-01 4.696106054368289e-01 -1.298759037429572e+00 4.703462518477907e-01 -1.299278537634759e+00 4.696106054368289e-01 -1.298759037429572e+00 0
5.901726631836959e-01 4.467941278335545e-01 -1.314785010189371e+00 4.476421698139934e-01 -1.315278105991342e+00 4.467941278335545e-01 -1.314785010189371e+00 0
6.309824529593703e-01 4.221048487871110e-01 -1.329830725956753e+00 4.230987282171079e-01 -1.330313958364928e+00 4.221048487871110e-01 -1.329830725956753e+00 0
6.707388330213517e-01 3.952009369492943e-01 -1.343887228931257e+00 3.963840349656437e-01 -1.344380634982547e+00 3.952009369492943e-01 -1.343887228931257e+00 0
7.089515256223992e-01 3.656437640155689e-01 -1.356894731593071e+00 3.670711171764530e-01 -1.357425532409483e+00 3.656437640155689e-01 -1.356894731593071e+00 0
7.448938339744354e-01 3.328833365303475e-01 -1.368719846328755e+00 3.346183857261496e-01 -1.369328221999506e+00 3.328833365303475e-01 -1.368719846328755e+00 0
7.774566285304139e-01 2.962782259483798e-01 -1.379117846528173e+00 2.983714844348685e-01 -1.379864829320342e+00 2.962782259483798e-01 -1.379117846528173e+00 0
8.049602013775919e-01 2.552333021974413e-01 -1.387683027456496e+00 2.576498930552543e-01 -1.388654661005243e+00 2.552333021974413e-01 -1.387683027456496e+00 0
8.250840961030352e-01 2.096165156557656e-01 -1.393831009348266e+00 2.120718959960121e-01 -1.395111721410945e+00 2.096165156557656e-01 -1.393831009348266e+00 0
8.354111198177082e-01 1.604663573772238e-01 -1.396948480109414e+00 1.622964467945257e-01 -1.398515303166349e+00 1.604663573772238e-01 -1.396948480109414e+00 0
8.348709861008612e-01 1.101517268108063e-01 -1.396786044850715e+00 1.107223725529431e-01 -1.398403490144516e+00 1.101517268108063e-01 -1.396786044850715e+00 0
8.246021535269231e-01 6.108038651903688e-02 -1.393684909962249e+00 6.050806730051155e-02 -1.395069658712527e+00 6.108038651903688e-02 -1.393684909962249e+00 1
8.069195196307364e-01 1.447688177734205e-02 -1.388285940287548e+00 1.336939076175553e-02 -1.389345514577016e+00 1.447688177734205e-02 -1.388285940287548e+00 1
7.839987392620962e-01 -2.947330293591625e-02 -1.381172722638563e+00 -3.065757392204441e-02 -1.381962905385562e+00 -2.947330293591625e-02 -1.381172722638563e+00 1
7.574438775386454e-01 -7.104561176165594e-02 -1.372761543842345e+00 -7.211064372727502e-02 -1.373365878148876e+00 -7.104561176165594e-02 -1.372761543842345e+00 1
7.283552883638610e-01 -1.106328534723435e-01 -1.363325693945216e+00 -1.115265445625785e-01 -1.363809146942866e+00 -1.106328534723435e-01 -1.363325693945216e+00 1
6.974862693430244e-01 -1.486151924332003e-01 -1.353040924782911e+00 -1.493403742800195e-01 -1.353446726714683e+00 -1.486151924332003e-01 -1.353040924782911e+00 1
6.653666440882237e-01 -1.853254459858449e-01 -1.342020169452916e+00 -1.859005588949796e-01 -1.342376067090634e+00 -1.853254459858449e-01 -1.342020169452916e+00 1
6.323841999381942e-01 -2.210478049891513e-01 -1.330336033933619e+00 -2.214926011178348e-01 -1.330659898235241e+00 -2.210478049891513e-01 -1.330336033933619e+00 1
5.988363632937931e-01 -2.560261646099822e-01 -1.318034929979995e+00 -2.563572657264727e-01 -1.318338407035569e+00 -2.560261646099822e-01 -1.318034929979995e+00 1
5.649634115201035e-01 -2.904740505456386e-01 -1.305146176449500e+00 -2.907039722215581e-01 -1.305436844720412e+00 -2.904740505456386e-01 -1.305146176449500e+00 1
5.309706903668846e-01 -3.245838604874686e-01 -1.291688268975346e+00 -3.247210942866076e-01 -1.291970826154617e+00 -3.245838604874686e-01 -1.291688268975346e+00 1
4.970444591639091e-01 -3.585351059696300e-01 -1.277673750335240e+00 -3.585843867167413e-01 -1.277950555340674e+00 -3.585351059696300e-01 -1.277673750335240e+00 1
4.633642810241168e-01 -3.925019925533828e-01 -1.263113726669851e+00 -3.924644312572818e-01 -1.263384844774604e+00 -3.925019925533828e-01 -1.263113726669851e+00 1
4.301139710242469e-01 -4.266609146205523e-01 -1.248022989856759e+00 -4.265338563317724e-01 -1.248285744557766e+00 -4.266609146205523e-01 -1.248022989856759e+00 1
3.974927626248017e-01 -4.611985975864849e-01 -1.232426909034002e+00 -4.609750935967446e-01 -1.232674794469962e+00 -4.611985975864849e-01 -1.232426909034002e+00 1
3.657284701591999e-01 -4.963218307372648e-01 -1.216371835886441e+00 -4.959895759092471e-01 -1.216592429657041e+00 -4.963218307372648e-01 -1.216371835886441e+00 1
3.350951293464708e-01 -5.322700511195910e-01 -1.199941989917345e+00 -5.318095647235500e-01 -1.200113129583486e+00 -5.322700511195910e-01 -1.199941989917345e+00 1
3.059393170532310e-01 -5.693323847605173e-01 -1.183288228261933e+00 -5.687141784549231e-01 -1.183370988797392e+00 -5.693323847605173e-01 -1.183288228261933e+00 1
2.787231176709792e-01 -6.078705111336605e-01 -1.166678927806539e+00 -6.070513175558884e-01 -1.166604521164928e+00 -6.078705111336605e-01 -1.166678927806539e+00 1
2.540995829587324e-01 -6.483449902449024e-01 -1.150592369789847e+00 -6.472652715808298e-01 -1.150237620285005e+00 -6.483449902449024e-01 -1.150592369789847e+00 1
2.330504902901961e-01 -6.913234106073846e-01 -1.135883895727853e+00 -6.899182783059786e-01 -1.135028111584116e+00 -6.913234106073846e-01 -1.135883895727853e+00 1
2.171211856766139e-01 -7.373707496826114e-01 -1.124056746021117e+00 -7.356440210559561e-01 -1.122329791637414e+00 -7.373707496826114e-01 -1.124056746021117e+00 1
2.086487065016880e-01 -7.865043221693713e-01 -1.117485286443136e+00 -7.847967373720818e-01 -1.114446788825228e+00 -7.865043221693713e-01 -1.117485286443136e+00 1
2.102006370555279e-01 -8.369275621605409e-01 -1.118704714998208e+00 -8.362727703008624e-01 -1.114510408153061e+00 -8.369275621605409e-01 -1.118704714998208e+00 1
2.223836114478400e-01 -8.849727265012095e-01 -1.128036865940934e+00 -8.861417623949854e-01 -1.124150012568813e+00 -8.849727265012095e-01 -1.128036865940934e+00 0
2.431260102005338e-01 -9.282261778643602e-01 -1.143045270787990e+00 -9.303703554786193e-01 -1.140601146761768e+00 -9.282261778643602e-01 -1.143045270787990e+00 0
2.698972689472141e-01 -9.666080515218056e-01 -1.161038853796034e+00 -9.687433473363138e-01 -1.159836641852243e+00 -9.666080515218056e-01 -1.161038853796034e+00 0
3.008969523214840e-01 -1.000894550662200e+00 -1.180294161706832e+00 -1.002707889123436e+00 -1.179825223644233e+00 -1.000894550662200e+00 -1.180294161706832e+00 0
3.349719057571227e-01 -1.031875234712838e+00 -1.199873811388415e+00 -1.033362539163633e+00 -1.199793925968835e+00 -1.031875234712838e+00 -1.199873811388415e+00 0
3.713679787221941e-01 -1.060177209739787e+00 -1.219290809139934e+00 -1.061399857122829e+00 -1.219411453994418e+00 -1.060177209739787e+00 -1.219290809139934e+00 0
4.095695308160793e-01 -1.086275733716053e+00 -1.238299217666258e+00 -1.087293273779778e+00 -1.238520280156747e+00 -1.086275733716053e+00 -1.238299217666258e+00 0
4.492092476111001e-01 -1.110531808412818e+00 -1.256781933202427e+00 -1.111390582225572e+00 -1.257049755819886e+00 -1.110531808412818e+00 -1.256781933202427e+00 0
4.900166604464832e-01 -1.133223969062353e+00 -1.274691466071969e+00 -1.133958360822284e+00 -1.274976920428965e+00 -1.133223969062353e+00 -1.274691466071969e+00 0
5.317872893297703e-01 -1.154571072100536e+00 -1.292018156555046e+00 -1.155206523631774e+00 -1.292305366894132e+00 -1.154571072100536e+00 -1.292018156555046e+00 0
5.743631999464943e-01 -1.174748103252373e+00 -1.308772728976218e+00 -1.175303654404088e+00 -1.309053150236841e+00 -1.174748103252373e+00 -1.308772728976218e+00 0
6.176202160604451e-01 -1.193897186601383e+00 -1.324976528922653e+00 -1.194387307517844e+00 -1.325245747432396e+00 -1.193897186601383e+00 -1.324976528922653e+00 0
6.614592091070315e-01 -1.212135372300555e+00 -1.340655988176329e+00 -1.212571236024933e+00 -1.340911945811478e+00 -1.212135372300555e+00 -1.340655988176329e+00 0
7.057999931783083e-01 -1.229560250193143e+00 -1.355839471708024e+00 -1.229950614465723e+00 -1.356081457080825e+00 -1.229560250193143e+00 -1.355839471708024e+00 0
7.505769439797977e-01 -1.246254073152797e+00 -1.370555493074958e+00 -1.246605897762221e+00 -1.370783557769016e+00 -1.246254073152797e+00 -1.370555493074958e+00 0
7.957357918095747e-01 -1.262286839707128e+00 -1.384831727393810e+00 -1.262605725146685e+00 -1.385046343596138e+00 -1.262286839707128e+00 -1.384831727393810e+00 0
8.412312334593638e-01 -1.277718636106399e+00 -1.398694493427058e+00 -1.278009140260416e+00 -1.398896351544528e+00 -1.277718636106399e+00 -1.398694493427058e+00 0
8.870251270951792e-01 -1.292601441934049e+00 -1.412168512355381e+00 -1.292867312307415e+00 -1.412358401213254e+00 -1.292601441934049e+00 -1.412168512355381e+00 0
9.330851095220656e-01 -1.306980540633136e+00 -1.425276828877028e+00 -1.307224887178109e+00 -1.425455565298815e+00 -1.306980540633136e+00 -1.425276828877028e+00 0
9.793835242458894e-01 -1.320895634634297e+00 -1.438040825948757e+00 -1.321121060142671e+00 -1.438209214153719e+00 -1.320895634634297e+00 -1.438040825948757e+00 0
1.000000000000000e+00 -1.326931547169244e+00 -1.443600175881672e+00 -1.334590436283631e+00 -1.450639100753957e+00 -1.326931547169244e+00 -1.443600175881672e+00 0
